Started by user [8mha:////4Lw4RGUxINnL3vH97CatWGF4dJLLFn2VBZ2Dwuufx35BAAAAlx+LCAAAAAAAAP9b85aBtbiIQTGjNKU4P08vOT+vOD8nVc83PyU1x6OyILUoJzMv2y+/JJUBAhiZGBgqihhk0NSjKDWzXb3RdlLBUSYGJk8GtpzUvPSSDB8G5tKinBIGIZ+sxLJE/ZzEvHT94JKizLx0a6BxUmjGOUNodHsLgAzWEgZu/dLi1CL9gsS8lEQACjKVYMAAAAA=[0mpanda
Running as SYSTEM
Building in workspace /var/jenkins_home/workspace/CodePull
The recommended git tool is: NONE
using credential GitHubToken
 > git rev-parse --is-inside-work-tree # timeout=10
Fetching changes from the remote Git repository
 > git config remote.origin.url https://github.com/paweltatarczak/panda_application.git # timeout=10
Fetching upstream changes from https://github.com/paweltatarczak/panda_application.git
 > git --version # timeout=10
 > git --version # 'git version 2.20.1'
using GIT_ASKPASS to set credentials Git Hub Token (Repo / Packages/ RepoHook)
 > git fetch --tags --force --progress -- https://github.com/paweltatarczak/panda_application.git +refs/heads/*:refs/remotes/origin/* # timeout=10
 > git rev-parse refs/remotes/origin/seleniumgrid^{commit} # timeout=10
Checking out Revision f241f256da02c35005aff605d97ade22a8ba922d (refs/remotes/origin/seleniumgrid)
 > git config core.sparsecheckout # timeout=10
 > git checkout -f f241f256da02c35005aff605d97ade22a8ba922d # timeout=10
Commit message: "CICD Selenium"
First time build. Skipping changelog.
[CodePull] $ /var/jenkins_home/tools/hudson.tasks.Maven_MavenInstallation/maven3/bin/mvn install
[INFO] Scanning for projects...
[INFO] 
[INFO] --------------------------< pl.pandait:panda >--------------------------
[INFO] Building panda 0.0.1
[INFO] --------------------------------[ jar ]---------------------------------
Downloading from central: https://repo.maven.apache.org/maven2/org/hamcrest/hamcrest-core/2.1/hamcrest-core-2.1.pom
Progress (1): 1.4 kB                    Downloaded from central: https://repo.maven.apache.org/maven2/org/hamcrest/hamcrest-core/2.1/hamcrest-core-2.1.pom (1.4 kB at 1.8 kB/s)
Downloading from central: https://repo.maven.apache.org/maven2/org/seleniumhq/selenium/selenium-java/3.141.59/selenium-java-3.141.59.pom
Progress (1): 2.7/5.4 kBProgress (1): 5.4 kB                        Downloaded from central: https://repo.maven.apache.org/maven2/org/seleniumhq/selenium/selenium-java/3.141.59/selenium-java-3.141.59.pom (5.4 kB at 49 kB/s)
Downloading from central: https://repo.maven.apache.org/maven2/org/seleniumhq/selenium/selenium-api/3.141.59/selenium-api-3.141.59.pom
Progress (1): 2.6 kB                    Downloaded from central: https://repo.maven.apache.org/maven2/org/seleniumhq/selenium/selenium-api/3.141.59/selenium-api-3.141.59.pom (2.6 kB at 26 kB/s)
Downloading from central: https://repo.maven.apache.org/maven2/org/seleniumhq/selenium/selenium-chrome-driver/3.141.59/selenium-chrome-driver-3.141.59.pom
Progress (1): 2.7/4.0 kBProgress (1): 4.0 kB                        Downloaded from central: https://repo.maven.apache.org/maven2/org/seleniumhq/selenium/selenium-chrome-driver/3.141.59/selenium-chrome-driver-3.141.59.pom (4.0 kB at 39 kB/s)
Downloading from central: https://repo.maven.apache.org/maven2/org/seleniumhq/selenium/selenium-remote-driver/3.141.59/selenium-remote-driver-3.141.59.pom
Progress (1): 2.7/3.8 kBProgress (1): 3.8 kB                        Downloaded from central: https://repo.maven.apache.org/maven2/org/seleniumhq/selenium/selenium-remote-driver/3.141.59/selenium-remote-driver-3.141.59.pom (3.8 kB at 39 kB/s)
Downloading from central: https://repo.maven.apache.org/maven2/org/apache/commons/commons-exec/1.3/commons-exec-1.3.pom
Progress (1): 2.7/11 kBProgress (1): 5.5/11 kBProgress (1): 8.2/11 kBProgress (1): 11/11 kB Progress (1): 11 kB                      Downloaded from central: https://repo.maven.apache.org/maven2/org/apache/commons/commons-exec/1.3/commons-exec-1.3.pom (11 kB at 118 kB/s)
Downloading from central: https://repo.maven.apache.org/maven2/org/apache/commons/commons-parent/35/commons-parent-35.pom
Progress (1): 2.7/58 kBProgress (1): 5.5/58 kBProgress (1): 8.2/58 kBProgress (1): 11/58 kB Progress (1): 14/58 kBProgress (1): 16/58 kBProgress (1): 19/58 kBProgress (1): 22/58 kBProgress (1): 25/58 kBProgress (1): 27/58 kBProgress (1): 30/58 kBProgress (1): 33/58 kBProgress (1): 36/58 kBProgress (1): 38/58 kBProgress (1): 41/58 kBProgress (1): 44/58 kBProgress (1): 47/58 kBProgress (1): 49/58 kBProgress (1): 52/58 kBProgress (1): 55/58 kBProgress (1): 58/58 kBProgress (1): 58 kB                      Downloaded from central: https://repo.maven.apache.org/maven2/org/apache/commons/commons-parent/35/commons-parent-35.pom (58 kB at 295 kB/s)
Downloading from central: https://repo.maven.apache.org/maven2/com/google/guava/guava/25.0-jre/guava-25.0-jre.pom
Progress (1): 2.7/7.8 kBProgress (1): 5.5/7.8 kBProgress (1): 7.8 kB                        Downloaded from central: https://repo.maven.apache.org/maven2/com/google/guava/guava/25.0-jre/guava-25.0-jre.pom (7.8 kB at 93 kB/s)
Downloading from central: https://repo.maven.apache.org/maven2/com/google/guava/guava-parent/25.0-jre/guava-parent-25.0-jre.pom
Progress (1): 2.7/10 kBProgress (1): 5.5/10 kBProgress (1): 8.2/10 kBProgress (1): 10 kB                       Downloaded from central: https://repo.maven.apache.org/maven2/com/google/guava/guava-parent/25.0-jre/guava-parent-25.0-jre.pom (10 kB at 130 kB/s)
Downloading from central: https://repo.maven.apache.org/maven2/com/google/code/findbugs/jsr305/1.3.9/jsr305-1.3.9.pom
Progress (1): 965 B                   Downloaded from central: https://repo.maven.apache.org/maven2/com/google/code/findbugs/jsr305/1.3.9/jsr305-1.3.9.pom (965 B at 14 kB/s)
Downloading from central: https://repo.maven.apache.org/maven2/org/checkerframework/checker-compat-qual/2.0.0/checker-compat-qual-2.0.0.pom
Progress (1): 2.7/4.2 kBProgress (1): 4.2 kB                        Downloaded from central: https://repo.maven.apache.org/maven2/org/checkerframework/checker-compat-qual/2.0.0/checker-compat-qual-2.0.0.pom (4.2 kB at 48 kB/s)
Downloading from central: https://repo.maven.apache.org/maven2/com/google/errorprone/error_prone_annotations/2.1.3/error_prone_annotations-2.1.3.pom
Progress (1): 1.8 kB                    Downloaded from central: https://repo.maven.apache.org/maven2/com/google/errorprone/error_prone_annotations/2.1.3/error_prone_annotations-2.1.3.pom (1.8 kB at 27 kB/s)
Downloading from central: https://repo.maven.apache.org/maven2/com/google/errorprone/error_prone_parent/2.1.3/error_prone_parent-2.1.3.pom
Progress (1): 2.7/5.1 kBProgress (1): 5.1 kB                        Downloaded from central: https://repo.maven.apache.org/maven2/com/google/errorprone/error_prone_parent/2.1.3/error_prone_parent-2.1.3.pom (5.1 kB at 62 kB/s)
Downloading from central: https://repo.maven.apache.org/maven2/com/google/j2objc/j2objc-annotations/1.1/j2objc-annotations-1.1.pom
Progress (1): 2.7/2.8 kBProgress (1): 2.8 kB                        Downloaded from central: https://repo.maven.apache.org/maven2/com/google/j2objc/j2objc-annotations/1.1/j2objc-annotations-1.1.pom (2.8 kB at 33 kB/s)
Downloading from central: https://repo.maven.apache.org/maven2/org/codehaus/mojo/animal-sniffer-annotations/1.14/animal-sniffer-annotations-1.14.pom
Progress (1): 2.5 kB                    Downloaded from central: https://repo.maven.apache.org/maven2/org/codehaus/mojo/animal-sniffer-annotations/1.14/animal-sniffer-annotations-1.14.pom (2.5 kB at 36 kB/s)
Downloading from central: https://repo.maven.apache.org/maven2/org/codehaus/mojo/animal-sniffer-parent/1.14/animal-sniffer-parent-1.14.pom
Progress (1): 2.7/4.4 kBProgress (1): 4.4 kB                        Downloaded from central: https://repo.maven.apache.org/maven2/org/codehaus/mojo/animal-sniffer-parent/1.14/animal-sniffer-parent-1.14.pom (4.4 kB at 63 kB/s)
Downloading from central: https://repo.maven.apache.org/maven2/org/codehaus/mojo/mojo-parent/34/mojo-parent-34.pom
Progress (1): 2.7/24 kBProgress (1): 5.5/24 kBProgress (1): 8.2/24 kBProgress (1): 11/24 kB Progress (1): 14/24 kBProgress (1): 16/24 kBProgress (1): 19/24 kBProgress (1): 22/24 kBProgress (1): 24 kB                      Downloaded from central: https://repo.maven.apache.org/maven2/org/codehaus/mojo/mojo-parent/34/mojo-parent-34.pom (24 kB at 254 kB/s)
Downloading from central: https://repo.maven.apache.org/maven2/org/codehaus/codehaus-parent/4/codehaus-parent-4.pom
Progress (1): 2.7/4.8 kBProgress (1): 4.8 kB                        Downloaded from central: https://repo.maven.apache.org/maven2/org/codehaus/codehaus-parent/4/codehaus-parent-4.pom (4.8 kB at 69 kB/s)
Downloading from central: https://repo.maven.apache.org/maven2/com/squareup/okhttp3/okhttp/3.14.6/okhttp-3.14.6.pom
Progress (1): 2.5 kB                    Downloaded from central: https://repo.maven.apache.org/maven2/com/squareup/okhttp3/okhttp/3.14.6/okhttp-3.14.6.pom (2.5 kB at 30 kB/s)
Downloading from central: https://repo.maven.apache.org/maven2/com/squareup/okhttp3/parent/3.14.6/parent-3.14.6.pom
Progress (1): 2.7/21 kBProgress (1): 5.5/21 kBProgress (1): 8.2/21 kBProgress (1): 11/21 kB Progress (1): 14/21 kBProgress (1): 16/21 kBProgress (1): 19/21 kBProgress (1): 21 kB                      Downloaded from central: https://repo.maven.apache.org/maven2/com/squareup/okhttp3/parent/3.14.6/parent-3.14.6.pom (21 kB at 311 kB/s)
Downloading from central: https://repo.maven.apache.org/maven2/com/squareup/okio/okio/1.17.2/okio-1.17.2.pom
Progress (1): 2.0 kB                    Downloaded from central: https://repo.maven.apache.org/maven2/com/squareup/okio/okio/1.17.2/okio-1.17.2.pom (2.0 kB at 26 kB/s)
Downloading from central: https://repo.maven.apache.org/maven2/com/squareup/okio/okio-parent/1.17.2/okio-parent-1.17.2.pom
Progress (1): 2.7/4.9 kBProgress (1): 4.9 kB                        Downloaded from central: https://repo.maven.apache.org/maven2/com/squareup/okio/okio-parent/1.17.2/okio-parent-1.17.2.pom (4.9 kB at 66 kB/s)
Downloading from central: https://repo.maven.apache.org/maven2/com/squareup/okio/okio/1.14.0/okio-1.14.0.pom
Progress (1): 2.0 kB                    Downloaded from central: https://repo.maven.apache.org/maven2/com/squareup/okio/okio/1.14.0/okio-1.14.0.pom (2.0 kB at 27 kB/s)
Downloading from central: https://repo.maven.apache.org/maven2/com/squareup/okio/okio-parent/1.14.0/okio-parent-1.14.0.pom
Progress (1): 4.1/4.9 kBProgress (1): 4.9 kB                        Downloaded from central: https://repo.maven.apache.org/maven2/com/squareup/okio/okio-parent/1.14.0/okio-parent-1.14.0.pom (4.9 kB at 68 kB/s)
Downloading from central: https://repo.maven.apache.org/maven2/org/seleniumhq/selenium/selenium-edge-driver/3.141.59/selenium-edge-driver-3.141.59.pom
Progress (1): 4.0 kB                    Downloaded from central: https://repo.maven.apache.org/maven2/org/seleniumhq/selenium/selenium-edge-driver/3.141.59/selenium-edge-driver-3.141.59.pom (4.0 kB at 48 kB/s)
Downloading from central: https://repo.maven.apache.org/maven2/org/seleniumhq/selenium/selenium-firefox-driver/3.141.59/selenium-firefox-driver-3.141.59.pom
Progress (1): 4.0 kB                    Downloaded from central: https://repo.maven.apache.org/maven2/org/seleniumhq/selenium/selenium-firefox-driver/3.141.59/selenium-firefox-driver-3.141.59.pom (4.0 kB at 55 kB/s)
Downloading from central: https://repo.maven.apache.org/maven2/org/seleniumhq/selenium/selenium-ie-driver/3.141.59/selenium-ie-driver-3.141.59.pom
Progress (1): 4.0 kB                    Downloaded from central: https://repo.maven.apache.org/maven2/org/seleniumhq/selenium/selenium-ie-driver/3.141.59/selenium-ie-driver-3.141.59.pom (4.0 kB at 53 kB/s)
Downloading from central: https://repo.maven.apache.org/maven2/org/seleniumhq/selenium/selenium-opera-driver/3.141.59/selenium-opera-driver-3.141.59.pom
Progress (1): 4.0 kB                    Downloaded from central: https://repo.maven.apache.org/maven2/org/seleniumhq/selenium/selenium-opera-driver/3.141.59/selenium-opera-driver-3.141.59.pom (4.0 kB at 60 kB/s)
Downloading from central: https://repo.maven.apache.org/maven2/org/seleniumhq/selenium/selenium-safari-driver/3.141.59/selenium-safari-driver-3.141.59.pom
Progress (1): 4.0 kB                    Downloaded from central: https://repo.maven.apache.org/maven2/org/seleniumhq/selenium/selenium-safari-driver/3.141.59/selenium-safari-driver-3.141.59.pom (4.0 kB at 52 kB/s)
Downloading from central: https://repo.maven.apache.org/maven2/org/seleniumhq/selenium/selenium-support/3.141.59/selenium-support-3.141.59.pom
Progress (1): 4.0 kB                    Downloaded from central: https://repo.maven.apache.org/maven2/org/seleniumhq/selenium/selenium-support/3.141.59/selenium-support-3.141.59.pom (4.0 kB at 57 kB/s)
Downloading from central: https://repo.maven.apache.org/maven2/org/hamcrest/hamcrest-core/2.1/hamcrest-core-2.1.jar
Downloading from central: https://repo.maven.apache.org/maven2/org/seleniumhq/selenium/selenium-java/3.141.59/selenium-java-3.141.59.jar
Downloading from central: https://repo.maven.apache.org/maven2/org/seleniumhq/selenium/selenium-api/3.141.59/selenium-api-3.141.59.jar
Downloading from central: https://repo.maven.apache.org/maven2/org/seleniumhq/selenium/selenium-edge-driver/3.141.59/selenium-edge-driver-3.141.59.jar
Downloading from central: https://repo.maven.apache.org/maven2/org/seleniumhq/selenium/selenium-chrome-driver/3.141.59/selenium-chrome-driver-3.141.59.jar
Progress (1): 1.2 kB                    Downloaded from central: https://repo.maven.apache.org/maven2/org/hamcrest/hamcrest-core/2.1/hamcrest-core-2.1.jar (1.2 kB at 13 kB/s)
Downloading from central: https://repo.maven.apache.org/maven2/org/seleniumhq/selenium/selenium-firefox-driver/3.141.59/selenium-firefox-driver-3.141.59.jar
Progress (1): 4.1/810 kBProgress (1): 8.2/810 kBProgress (1): 12/810 kB Progress (1): 16/810 kBProgress (1): 20/810 kBProgress (1): 25/810 kBProgress (1): 29/810 kBProgress (1): 33/810 kBProgress (1): 37/810 kBProgress (1): 41/810 kBProgress (1): 45/810 kBProgress (1): 49/810 kBProgress (1): 53/810 kBProgress (1): 57/810 kBProgress (1): 61/810 kBProgress (1): 66/810 kBProgress (1): 70/810 kBProgress (1): 74/810 kBProgress (1): 78/810 kBProgress (1): 82/810 kBProgress (1): 86/810 kBProgress (1): 90/810 kBProgress (1): 94/810 kBProgress (1): 98/810 kBProgress (1): 102/810 kBProgress (1): 106/810 kBProgress (1): 111/810 kBProgress (1): 115/810 kBProgress (1): 119/810 kBProgress (1): 123/810 kBProgress (1): 127/810 kBProgress (1): 131/810 kBProgress (1): 135/810 kBProgress (1): 139/810 kBProgress (1): 143/810 kBProgress (1): 147/810 kBProgress (1): 152/810 kBProgress (1): 156/810 kBProgress (1): 160/810 kBProgress (1): 164/810 kBProgress (1): 168/810 kBProgress (1): 172/810 kBProgress (1): 176/810 kBProgress (1): 180/810 kBProgress (1): 184/810 kBProgress (1): 188/810 kBProgress (1): 193/810 kBProgress (1): 197/810 kBProgress (1): 201/810 kBProgress (1): 205/810 kBProgress (1): 209/810 kBProgress (1): 213/810 kBProgress (1): 217/810 kBProgress (1): 221/810 kBProgress (1): 225/810 kBProgress (1): 229/810 kBProgress (1): 233/810 kBProgress (2): 233/810 kB | 2.7/182 kBProgress (2): 233/810 kB | 5.5/182 kBProgress (2): 233/810 kB | 8.2/182 kBProgress (2): 233/810 kB | 11/182 kB Progress (2): 233/810 kB | 14/182 kBProgress (2): 238/810 kB | 14/182 kBProgress (3): 238/810 kB | 14/182 kB | 355 BProgress (4): 238/810 kB | 14/182 kB | 355 B | 2.7/8.0 kBProgress (5): 238/810 kB | 14/182 kB | 355 B | 2.7/8.0 kB | 2.7/14 kBProgress (5): 238/810 kB | 14/182 kB | 355 B | 2.7/8.0 kB | 5.5/14 kBProgress (5): 238/810 kB | 14/182 kB | 355 B | 5.5/8.0 kB | 5.5/14 kBProgress (5): 242/810 kB | 14/182 kB | 355 B | 5.5/8.0 kB | 5.5/14 kBProgress (5): 246/810 kB | 14/182 kB | 355 B | 5.5/8.0 kB | 5.5/14 kBProgress (5): 250/810 kB | 14/182 kB | 355 B | 5.5/8.0 kB | 5.5/14 kBProgress (5): 254/810 kB | 14/182 kB | 355 B | 5.5/8.0 kB | 5.5/14 kBProgress (5): 258/810 kB | 14/182 kB | 355 B | 5.5/8.0 kB | 5.5/14 kBProgress (5): 258/810 kB | 14/182 kB | 355 B | 5.5/8.0 kB | 8.2/14 kBProgress (5): 258/810 kB | 16/182 kB | 355 B | 5.5/8.0 kB | 8.2/14 kBProgress (5): 258/810 kB | 16/182 kB | 355 B | 5.5/8.0 kB | 11/14 kB Progress (5): 258/810 kB | 19/182 kB | 355 B | 5.5/8.0 kB | 11/14 kBProgress (5): 258/810 kB | 19/182 kB | 355 B | 5.5/8.0 kB | 14/14 kBProgress (5): 258/810 kB | 22/182 kB | 355 B | 5.5/8.0 kB | 14/14 kBProgress (5): 258/810 kB | 25/182 kB | 355 B | 5.5/8.0 kB | 14/14 kBProgress (5): 258/810 kB | 27/182 kB | 355 B | 5.5/8.0 kB | 14/14 kBProgress (5): 258/810 kB | 30/182 kB | 355 B | 5.5/8.0 kB | 14/14 kBProgress (5): 258/810 kB | 33/182 kB | 355 B | 5.5/8.0 kB | 14/14 kBProgress (5): 258/810 kB | 36/182 kB | 355 B | 5.5/8.0 kB | 14/14 kBProgress (5): 258/810 kB | 38/182 kB | 355 B | 5.5/8.0 kB | 14/14 kBProgress (5): 258/810 kB | 41/182 kB | 355 B | 5.5/8.0 kB | 14/14 kBProgress (5): 262/810 kB | 41/182 kB | 355 B | 5.5/8.0 kB | 14/14 kBProgress (5): 262/810 kB | 41/182 kB | 355 B | 8.0 kB | 14/14 kB    Progress (5): 266/810 kB | 41/182 kB | 355 B | 8.0 kB | 14/14 kBProgress (5): 266/810 kB | 41/182 kB | 355 B | 8.0 kB | 14 kB   Progress (5): 266/810 kB | 44/182 kB | 355 B | 8.0 kB | 14 kBProgress (5): 266/810 kB | 47/182 kB | 355 B | 8.0 kB | 14 kBProgress (5): 270/810 kB | 47/182 kB | 355 B | 8.0 kB | 14 kBProgress (5): 274/810 kB | 47/182 kB | 355 B | 8.0 kB | 14 kBProgress (5): 279/810 kB | 47/182 kB | 355 B | 8.0 kB | 14 kBProgress (5): 283/810 kB | 47/182 kB | 355 B | 8.0 kB | 14 kB                                                             Downloaded from central: https://repo.maven.apache.org/maven2/org/seleniumhq/selenium/selenium-java/3.141.59/selenium-java-3.141.59.jar (355 B at 1.6 kB/s)
Downloading from central: https://repo.maven.apache.org/maven2/org/seleniumhq/selenium/selenium-ie-driver/3.141.59/selenium-ie-driver-3.141.59.jar
Progress (4): 283/810 kB | 49/182 kB | 8.0 kB | 14 kBProgress (4): 287/810 kB | 49/182 kB | 8.0 kB | 14 kBProgress (4): 291/810 kB | 49/182 kB | 8.0 kB | 14 kBProgress (4): 295/810 kB | 49/182 kB | 8.0 kB | 14 kBProgress (4): 295/810 kB | 52/182 kB | 8.0 kB | 14 kBProgress (4): 295/810 kB | 55/182 kB | 8.0 kB | 14 kBProgress (4): 295/810 kB | 58/182 kB | 8.0 kB | 14 kBProgress (4): 295/810 kB | 60/182 kB | 8.0 kB | 14 kBProgress (4): 295/810 kB | 63/182 kB | 8.0 kB | 14 kBProgress (4): 299/810 kB | 63/182 kB | 8.0 kB | 14 kBProgress (4): 303/810 kB | 63/182 kB | 8.0 kB | 14 kBProgress (4): 307/810 kB | 63/182 kB | 8.0 kB | 14 kBProgress (4): 311/810 kB | 63/182 kB | 8.0 kB | 14 kBProgress (4): 311/810 kB | 66/182 kB | 8.0 kB | 14 kBProgress (4): 311/810 kB | 69/182 kB | 8.0 kB | 14 kBProgress (4): 315/810 kB | 69/182 kB | 8.0 kB | 14 kBProgress (4): 319/810 kB | 69/182 kB | 8.0 kB | 14 kBProgress (4): 324/810 kB | 69/182 kB | 8.0 kB | 14 kBProgress (4): 328/810 kB | 69/182 kB | 8.0 kB | 14 kBProgress (4): 332/810 kB | 69/182 kB | 8.0 kB | 14 kBProgress (4): 332/810 kB | 71/182 kB | 8.0 kB | 14 kB                                                     Downloaded from central: https://repo.maven.apache.org/maven2/org/seleniumhq/selenium/selenium-edge-driver/3.141.59/selenium-edge-driver-3.141.59.jar (8.0 kB at 31 kB/s)
Downloading from central: https://repo.maven.apache.org/maven2/org/seleniumhq/selenium/selenium-opera-driver/3.141.59/selenium-opera-driver-3.141.59.jar
Progress (3): 332/810 kB | 74/182 kB | 14 kBProgress (4): 332/810 kB | 74/182 kB | 14 kB | 2.7/17 kBProgress (4): 336/810 kB | 74/182 kB | 14 kB | 2.7/17 kBProgress (4): 340/810 kB | 74/182 kB | 14 kB | 2.7/17 kBProgress (4): 344/810 kB | 74/182 kB | 14 kB | 2.7/17 kBProgress (4): 344/810 kB | 77/182 kB | 14 kB | 2.7/17 kBProgress (4): 348/810 kB | 77/182 kB | 14 kB | 2.7/17 kBProgress (4): 348/810 kB | 77/182 kB | 14 kB | 5.5/17 kB                                                        Downloaded from central: https://repo.maven.apache.org/maven2/org/seleniumhq/selenium/selenium-chrome-driver/3.141.59/selenium-chrome-driver-3.141.59.jar (14 kB at 48 kB/s)
Downloading from central: https://repo.maven.apache.org/maven2/org/seleniumhq/selenium/selenium-remote-driver/3.141.59/selenium-remote-driver-3.141.59.jar
Progress (3): 348/810 kB | 77/182 kB | 8.2/17 kBProgress (3): 348/810 kB | 77/182 kB | 11/17 kB Progress (3): 348/810 kB | 77/182 kB | 14/17 kBProgress (3): 348/810 kB | 77/182 kB | 16/17 kBProgress (3): 348/810 kB | 80/182 kB | 16/17 kBProgress (3): 348/810 kB | 82/182 kB | 16/17 kBProgress (3): 348/810 kB | 85/182 kB | 16/17 kBProgress (3): 348/810 kB | 88/182 kB | 16/17 kBProgress (3): 348/810 kB | 90/182 kB | 16/17 kBProgress (3): 348/810 kB | 93/182 kB | 16/17 kBProgress (3): 348/810 kB | 96/182 kB | 16/17 kBProgress (3): 348/810 kB | 99/182 kB | 16/17 kBProgress (3): 348/810 kB | 101/182 kB | 16/17 kBProgress (3): 348/810 kB | 104/182 kB | 16/17 kBProgress (3): 348/810 kB | 107/182 kB | 16/17 kBProgress (3): 348/810 kB | 110/182 kB | 16/17 kBProgress (3): 348/810 kB | 112/182 kB | 16/17 kBProgress (3): 348/810 kB | 115/182 kB | 16/17 kBProgress (3): 348/810 kB | 118/182 kB | 16/17 kBProgress (3): 352/810 kB | 118/182 kB | 16/17 kBProgress (3): 356/810 kB | 118/182 kB | 16/17 kBProgress (3): 360/810 kB | 118/182 kB | 16/17 kBProgress (4): 360/810 kB | 118/182 kB | 16/17 kB | 2.7/334 kBProgress (5): 360/810 kB | 118/182 kB | 16/17 kB | 2.7/334 kB | 2.7/11 kBProgress (5): 360/810 kB | 118/182 kB | 17 kB | 2.7/334 kB | 2.7/11 kB   Progress (5): 360/810 kB | 118/182 kB | 17 kB | 5.5/334 kB | 2.7/11 kBProgress (5): 360/810 kB | 118/182 kB | 17 kB | 8.2/334 kB | 2.7/11 kBProgress (5): 360/810 kB | 118/182 kB | 17 kB | 11/334 kB | 2.7/11 kB Progress (5): 360/810 kB | 118/182 kB | 17 kB | 14/334 kB | 2.7/11 kBProgress (5): 360/810 kB | 121/182 kB | 17 kB | 14/334 kB | 2.7/11 kBProgress (5): 360/810 kB | 123/182 kB | 17 kB | 14/334 kB | 2.7/11 kBProgress (5): 360/810 kB | 126/182 kB | 17 kB | 14/334 kB | 2.7/11 kBProgress (5): 360/810 kB | 129/182 kB | 17 kB | 14/334 kB | 2.7/11 kBProgress (5): 365/810 kB | 129/182 kB | 17 kB | 14/334 kB | 2.7/11 kBProgress (5): 365/810 kB | 132/182 kB | 17 kB | 14/334 kB | 2.7/11 kBProgress (5): 365/810 kB | 134/182 kB | 17 kB | 14/334 kB | 2.7/11 kBProgress (5): 365/810 kB | 137/182 kB | 17 kB | 14/334 kB | 2.7/11 kB                                                                     Downloaded from central: https://repo.maven.apache.org/maven2/org/seleniumhq/selenium/selenium-ie-driver/3.141.59/selenium-ie-driver-3.141.59.jar (17 kB at 46 kB/s)
Progress (4): 365/810 kB | 137/182 kB | 16/334 kB | 2.7/11 kBProgress (4): 365/810 kB | 137/182 kB | 19/334 kB | 2.7/11 kBProgress (4): 365/810 kB | 137/182 kB | 19/334 kB | 5.5/11 kBProgress (4): 365/810 kB | 137/182 kB | 22/334 kB | 5.5/11 kBProgress (4): 369/810 kB | 137/182 kB | 22/334 kB | 5.5/11 kBProgress (4): 369/810 kB | 137/182 kB | 25/334 kB | 5.5/11 kB                                                             Downloading from central: https://repo.maven.apache.org/maven2/org/seleniumhq/selenium/selenium-safari-driver/3.141.59/selenium-safari-driver-3.141.59.jar
Progress (4): 373/810 kB | 137/182 kB | 25/334 kB | 5.5/11 kBProgress (4): 373/810 kB | 137/182 kB | 27/334 kB | 5.5/11 kBProgress (4): 373/810 kB | 137/182 kB | 27/334 kB | 8.2/11 kBProgress (4): 373/810 kB | 137/182 kB | 27/334 kB | 11 kB    Progress (4): 377/810 kB | 137/182 kB | 27/334 kB | 11 kBProgress (4): 381/810 kB | 137/182 kB | 27/334 kB | 11 kBProgress (4): 381/810 kB | 140/182 kB | 27/334 kB | 11 kBProgress (4): 381/810 kB | 140/182 kB | 30/334 kB | 11 kBProgress (4): 381/810 kB | 143/182 kB | 30/334 kB | 11 kBProgress (4): 381/810 kB | 143/182 kB | 33/334 kB | 11 kBProgress (4): 381/810 kB | 145/182 kB | 33/334 kB | 11 kBProgress (4): 381/810 kB | 145/182 kB | 36/334 kB | 11 kBProgress (4): 381/810 kB | 148/182 kB | 36/334 kB | 11 kBProgress (4): 381/810 kB | 148/182 kB | 38/334 kB | 11 kBProgress (4): 381/810 kB | 151/182 kB | 38/334 kB | 11 kBProgress (4): 381/810 kB | 151/182 kB | 41/334 kB | 11 kBProgress (4): 381/810 kB | 154/182 kB | 41/334 kB | 11 kBProgress (4): 381/810 kB | 154/182 kB | 44/334 kB | 11 kBProgress (4): 381/810 kB | 156/182 kB | 44/334 kB | 11 kBProgress (4): 381/810 kB | 156/182 kB | 47/334 kB | 11 kBProgress (4): 381/810 kB | 159/182 kB | 47/334 kB | 11 kBProgress (4): 381/810 kB | 159/182 kB | 49/334 kB | 11 kBProgress (4): 381/810 kB | 159/182 kB | 52/334 kB | 11 kBProgress (4): 385/810 kB | 159/182 kB | 52/334 kB | 11 kBProgress (4): 389/810 kB | 159/182 kB | 52/334 kB | 11 kBProgress (4): 389/810 kB | 159/182 kB | 55/334 kB | 11 kBProgress (4): 389/810 kB | 162/182 kB | 55/334 kB | 11 kBProgress (4): 393/810 kB | 162/182 kB | 55/334 kB | 11 kBProgress (4): 397/810 kB | 162/182 kB | 55/334 kB | 11 kBProgress (4): 397/810 kB | 162/182 kB | 58/334 kB | 11 kBProgress (4): 401/810 kB | 162/182 kB | 58/334 kB | 11 kBProgress (4): 406/810 kB | 162/182 kB | 58/334 kB | 11 kBProgress (4): 410/810 kB | 162/182 kB | 58/334 kB | 11 kBProgress (4): 414/810 kB | 162/182 kB | 58/334 kB | 11 kBProgress (4): 418/810 kB | 162/182 kB | 58/334 kB | 11 kBProgress (5): 418/810 kB | 162/182 kB | 58/334 kB | 11 kB | 2.7/16 kBProgress (5): 418/810 kB | 162/182 kB | 60/334 kB | 11 kB | 2.7/16 kBProgress (5): 418/810 kB | 162/182 kB | 63/334 kB | 11 kB | 2.7/16 kBProgress (5): 422/810 kB | 162/182 kB | 63/334 kB | 11 kB | 2.7/16 kBProgress (5): 422/810 kB | 162/182 kB | 63/334 kB | 11 kB | 5.5/16 kBProgress (5): 422/810 kB | 165/182 kB | 63/334 kB | 11 kB | 5.5/16 kBProgress (5): 422/810 kB | 165/182 kB | 66/334 kB | 11 kB | 5.5/16 kBProgress (5): 426/810 kB | 165/182 kB | 66/334 kB | 11 kB | 5.5/16 kBProgress (5): 430/810 kB | 165/182 kB | 66/334 kB | 11 kB | 5.5/16 kBProgress (5): 430/810 kB | 165/182 kB | 66/334 kB | 11 kB | 8.2/16 kBProgress (5): 430/810 kB | 167/182 kB | 66/334 kB | 11 kB | 8.2/16 kBProgress (5): 430/810 kB | 167/182 kB | 66/334 kB | 11 kB | 11/16 kB Progress (5): 434/810 kB | 167/182 kB | 66/334 kB | 11 kB | 11/16 kBProgress (5): 434/810 kB | 170/182 kB | 66/334 kB | 11 kB | 11/16 kBProgress (5): 434/810 kB | 170/182 kB | 66/334 kB | 11 kB | 14/16 kBProgress (5): 434/810 kB | 170/182 kB | 66/334 kB | 11 kB | 16 kB   Progress (5): 434/810 kB | 170/182 kB | 69/334 kB | 11 kB | 16 kBProgress (5): 438/810 kB | 170/182 kB | 69/334 kB | 11 kB | 16 kBProgress (5): 438/810 kB | 173/182 kB | 69/334 kB | 11 kB | 16 kBProgress (5): 438/810 kB | 175/182 kB | 69/334 kB | 11 kB | 16 kBProgress (5): 438/810 kB | 175/182 kB | 71/334 kB | 11 kB | 16 kBProgress (5): 438/810 kB | 175/182 kB | 74/334 kB | 11 kB | 16 kBProgress (5): 438/810 kB | 178/182 kB | 74/334 kB | 11 kB | 16 kBProgress (5): 438/810 kB | 178/182 kB | 77/334 kB | 11 kB | 16 kBProgress (5): 438/810 kB | 178/182 kB | 80/334 kB | 11 kB | 16 kBProgress (5): 438/810 kB | 181/182 kB | 80/334 kB | 11 kB | 16 kBProgress (5): 438/810 kB | 182 kB | 80/334 kB | 11 kB | 16 kB                                                                 Downloaded from central: https://repo.maven.apache.org/maven2/org/seleniumhq/selenium/selenium-opera-driver/3.141.59/selenium-opera-driver-3.141.59.jar (11 kB at 24 kB/s)
Progress (4): 442/810 kB | 182 kB | 80/334 kB | 16 kBProgress (4): 446/810 kB | 182 kB | 80/334 kB | 16 kBProgress (4): 446/810 kB | 182 kB | 82/334 kB | 16 kBProgress (4): 446/810 kB | 182 kB | 85/334 kB | 16 kBProgress (4): 450/810 kB | 182 kB | 85/334 kB | 16 kBProgress (4): 454/810 kB | 182 kB | 85/334 kB | 16 kBProgress (4): 454/810 kB | 182 kB | 88/334 kB | 16 kB                                                     Downloading from central: https://repo.maven.apache.org/maven2/org/seleniumhq/selenium/selenium-support/3.141.59/selenium-support-3.141.59.jar
Progress (4): 458/810 kB | 182 kB | 88/334 kB | 16 kBProgress (4): 458/810 kB | 182 kB | 90/334 kB | 16 kBProgress (4): 458/810 kB | 182 kB | 93/334 kB | 16 kBProgress (4): 458/810 kB | 182 kB | 96/334 kB | 16 kBProgress (4): 458/810 kB | 182 kB | 99/334 kB | 16 kBProgress (4): 463/810 kB | 182 kB | 99/334 kB | 16 kBProgress (4): 467/810 kB | 182 kB | 99/334 kB | 16 kBProgress (4): 471/810 kB | 182 kB | 99/334 kB | 16 kBProgress (4): 475/810 kB | 182 kB | 99/334 kB | 16 kBProgress (4): 479/810 kB | 182 kB | 99/334 kB | 16 kBProgress (4): 483/810 kB | 182 kB | 99/334 kB | 16 kBProgress (4): 487/810 kB | 182 kB | 99/334 kB | 16 kBProgress (4): 491/810 kB | 182 kB | 99/334 kB | 16 kB                                                     Downloaded from central: https://repo.maven.apache.org/maven2/org/seleniumhq/selenium/selenium-safari-driver/3.141.59/selenium-safari-driver-3.141.59.jar (16 kB at 34 kB/s)
Progress (3): 491/810 kB | 182 kB | 101/334 kBProgress (3): 491/810 kB | 182 kB | 104/334 kBProgress (3): 491/810 kB | 182 kB | 107/334 kBProgress (3): 491/810 kB | 182 kB | 110/334 kBProgress (3): 491/810 kB | 182 kB | 112/334 kBProgress (3): 495/810 kB | 182 kB | 112/334 kB                                              Downloading from central: https://repo.maven.apache.org/maven2/org/apache/commons/commons-exec/1.3/commons-exec-1.3.jar
Progress (3): 499/810 kB | 182 kB | 112/334 kBProgress (3): 504/810 kB | 182 kB | 112/334 kBProgress (3): 508/810 kB | 182 kB | 112/334 kBProgress (3): 512/810 kB | 182 kB | 112/334 kBProgress (3): 516/810 kB | 182 kB | 112/334 kBProgress (3): 520/810 kB | 182 kB | 112/334 kBProgress (3): 524/810 kB | 182 kB | 112/334 kBProgress (3): 528/810 kB | 182 kB | 112/334 kBProgress (3): 532/810 kB | 182 kB | 112/334 kBProgress (3): 536/810 kB | 182 kB | 112/334 kBProgress (3): 540/810 kB | 182 kB | 112/334 kBProgress (3): 544/810 kB | 182 kB | 112/334 kBProgress (3): 549/810 kB | 182 kB | 112/334 kBProgress (3): 553/810 kB | 182 kB | 112/334 kBProgress (3): 557/810 kB | 182 kB | 112/334 kBProgress (3): 561/810 kB | 182 kB | 112/334 kBProgress (3): 565/810 kB | 182 kB | 112/334 kBProgress (3): 569/810 kB | 182 kB | 112/334 kBProgress (3): 573/810 kB | 182 kB | 112/334 kBProgress (3): 573/810 kB | 182 kB | 115/334 kBProgress (3): 573/810 kB | 182 kB | 118/334 kBProgress (3): 573/810 kB | 182 kB | 121/334 kBProgress (3): 573/810 kB | 182 kB | 123/334 kBProgress (3): 573/810 kB | 182 kB | 126/334 kBProgress (3): 573/810 kB | 182 kB | 129/334 kB                                              Downloaded from central: https://repo.maven.apache.org/maven2/org/seleniumhq/selenium/selenium-api/3.141.59/selenium-api-3.141.59.jar (182 kB at 348 kB/s)
Downloading from central: https://repo.maven.apache.org/maven2/com/google/guava/guava/25.0-jre/guava-25.0-jre.jar
Progress (3): 573/810 kB | 129/334 kB | 2.7/151 kBProgress (3): 573/810 kB | 129/334 kB | 5.5/151 kBProgress (4): 573/810 kB | 129/334 kB | 5.5/151 kB | 2.7/54 kBProgress (4): 573/810 kB | 129/334 kB | 8.2/151 kB | 2.7/54 kBProgress (4): 573/810 kB | 129/334 kB | 8.2/151 kB | 5.5/54 kBProgress (4): 573/810 kB | 129/334 kB | 8.2/151 kB | 8.2/54 kBProgress (4): 573/810 kB | 129/334 kB | 11/151 kB | 8.2/54 kB Progress (4): 573/810 kB | 129/334 kB | 11/151 kB | 11/54 kB Progress (4): 573/810 kB | 129/334 kB | 11/151 kB | 14/54 kBProgress (4): 573/810 kB | 129/334 kB | 11/151 kB | 16/54 kBProgress (4): 573/810 kB | 129/334 kB | 11/151 kB | 19/54 kBProgress (4): 573/810 kB | 129/334 kB | 11/151 kB | 22/54 kBProgress (4): 577/810 kB | 129/334 kB | 11/151 kB | 22/54 kBProgress (4): 581/810 kB | 129/334 kB | 11/151 kB | 22/54 kBProgress (4): 581/810 kB | 132/334 kB | 11/151 kB | 22/54 kBProgress (4): 585/810 kB | 132/334 kB | 11/151 kB | 22/54 kBProgress (4): 585/810 kB | 132/334 kB | 14/151 kB | 22/54 kBProgress (4): 585/810 kB | 132/334 kB | 16/151 kB | 22/54 kBProgress (4): 585/810 kB | 132/334 kB | 16/151 kB | 25/54 kBProgress (4): 585/810 kB | 132/334 kB | 16/151 kB | 27/54 kBProgress (4): 585/810 kB | 132/334 kB | 16/151 kB | 30/54 kBProgress (4): 585/810 kB | 134/334 kB | 16/151 kB | 30/54 kBProgress (4): 585/810 kB | 134/334 kB | 19/151 kB | 30/54 kBProgress (4): 590/810 kB | 134/334 kB | 19/151 kB | 30/54 kBProgress (4): 590/810 kB | 134/334 kB | 22/151 kB | 30/54 kBProgress (4): 594/810 kB | 134/334 kB | 22/151 kB | 30/54 kBProgress (4): 598/810 kB | 134/334 kB | 22/151 kB | 30/54 kBProgress (4): 602/810 kB | 134/334 kB | 22/151 kB | 30/54 kBProgress (4): 602/810 kB | 134/334 kB | 25/151 kB | 30/54 kBProgress (4): 606/810 kB | 134/334 kB | 25/151 kB | 30/54 kBProgress (4): 606/810 kB | 134/334 kB | 27/151 kB | 30/54 kBProgress (4): 606/810 kB | 134/334 kB | 27/151 kB | 33/54 kBProgress (4): 606/810 kB | 137/334 kB | 27/151 kB | 33/54 kBProgress (4): 606/810 kB | 140/334 kB | 27/151 kB | 33/54 kBProgress (4): 610/810 kB | 140/334 kB | 27/151 kB | 33/54 kBProgress (4): 610/810 kB | 143/334 kB | 27/151 kB | 33/54 kBProgress (4): 610/810 kB | 145/334 kB | 27/151 kB | 33/54 kBProgress (4): 610/810 kB | 148/334 kB | 27/151 kB | 33/54 kBProgress (4): 610/810 kB | 151/334 kB | 27/151 kB | 33/54 kBProgress (4): 610/810 kB | 151/334 kB | 30/151 kB | 33/54 kBProgress (4): 614/810 kB | 151/334 kB | 30/151 kB | 33/54 kBProgress (5): 614/810 kB | 151/334 kB | 30/151 kB | 33/54 kB | 0/2.7 MBProgress (5): 614/810 kB | 151/334 kB | 30/151 kB | 36/54 kB | 0/2.7 MBProgress (5): 614/810 kB | 151/334 kB | 33/151 kB | 36/54 kB | 0/2.7 MBProgress (5): 614/810 kB | 151/334 kB | 33/151 kB | 38/54 kB | 0/2.7 MBProgress (5): 614/810 kB | 151/334 kB | 33/151 kB | 41/54 kB | 0/2.7 MBProgress (5): 614/810 kB | 151/334 kB | 33/151 kB | 44/54 kB | 0/2.7 MBProgress (5): 614/810 kB | 151/334 kB | 33/151 kB | 47/54 kB | 0/2.7 MBProgress (5): 614/810 kB | 151/334 kB | 33/151 kB | 49/54 kB | 0/2.7 MBProgress (5): 614/810 kB | 151/334 kB | 33/151 kB | 52/54 kB | 0/2.7 MBProgress (5): 618/810 kB | 151/334 kB | 33/151 kB | 52/54 kB | 0/2.7 MBProgress (5): 618/810 kB | 151/334 kB | 33/151 kB | 52/54 kB | 0/2.7 MBProgress (5): 622/810 kB | 151/334 kB | 33/151 kB | 52/54 kB | 0/2.7 MBProgress (5): 626/810 kB | 151/334 kB | 33/151 kB | 52/54 kB | 0/2.7 MBProgress (5): 631/810 kB | 151/334 kB | 33/151 kB | 52/54 kB | 0/2.7 MBProgress (5): 635/810 kB | 151/334 kB | 33/151 kB | 52/54 kB | 0/2.7 MBProgress (5): 635/810 kB | 151/334 kB | 36/151 kB | 52/54 kB | 0/2.7 MBProgress (5): 639/810 kB | 151/334 kB | 36/151 kB | 52/54 kB | 0/2.7 MBProgress (5): 643/810 kB | 151/334 kB | 36/151 kB | 52/54 kB | 0/2.7 MBProgress (5): 643/810 kB | 154/334 kB | 36/151 kB | 52/54 kB | 0/2.7 MBProgress (5): 647/810 kB | 154/334 kB | 36/151 kB | 52/54 kB | 0/2.7 MBProgress (5): 651/810 kB | 154/334 kB | 36/151 kB | 52/54 kB | 0/2.7 MBProgress (5): 651/810 kB | 154/334 kB | 38/151 kB | 52/54 kB | 0/2.7 MBProgress (5): 651/810 kB | 154/334 kB | 38/151 kB | 54 kB | 0/2.7 MB   Progress (5): 651/810 kB | 154/334 kB | 38/151 kB | 54 kB | 0/2.7 MBProgress (5): 651/810 kB | 154/334 kB | 38/151 kB | 54 kB | 0/2.7 MBProgress (5): 651/810 kB | 154/334 kB | 38/151 kB | 54 kB | 0.1/2.7 MBProgress (5): 655/810 kB | 154/334 kB | 38/151 kB | 54 kB | 0.1/2.7 MBProgress (5): 655/810 kB | 154/334 kB | 38/151 kB | 54 kB | 0.1/2.7 MBProgress (5): 657/810 kB | 154/334 kB | 38/151 kB | 54 kB | 0.1/2.7 MBProgress (5): 657/810 kB | 154/334 kB | 41/151 kB | 54 kB | 0.1/2.7 MBProgress (5): 657/810 kB | 156/334 kB | 41/151 kB | 54 kB | 0.1/2.7 MBProgress (5): 657/810 kB | 156/334 kB | 44/151 kB | 54 kB | 0.1/2.7 MBProgress (5): 657/810 kB | 156/334 kB | 47/151 kB | 54 kB | 0.1/2.7 MBProgress (5): 661/810 kB | 156/334 kB | 47/151 kB | 54 kB | 0.1/2.7 MBProgress (5): 661/810 kB | 156/334 kB | 47/151 kB | 54 kB | 0.1/2.7 MBProgress (5): 665/810 kB | 156/334 kB | 47/151 kB | 54 kB | 0.1/2.7 MBProgress (5): 670/810 kB | 156/334 kB | 47/151 kB | 54 kB | 0.1/2.7 MBProgress (5): 674/810 kB | 156/334 kB | 47/151 kB | 54 kB | 0.1/2.7 MBProgress (5): 674/810 kB | 156/334 kB | 49/151 kB | 54 kB | 0.1/2.7 MBProgress (5): 674/810 kB | 159/334 kB | 49/151 kB | 54 kB | 0.1/2.7 MBProgress (5): 674/810 kB | 159/334 kB | 52/151 kB | 54 kB | 0.1/2.7 MBProgress (5): 674/810 kB | 159/334 kB | 55/151 kB | 54 kB | 0.1/2.7 MBProgress (5): 678/810 kB | 159/334 kB | 55/151 kB | 54 kB | 0.1/2.7 MBProgress (5): 678/810 kB | 159/334 kB | 55/151 kB | 54 kB | 0.1/2.7 MBProgress (5): 682/810 kB | 159/334 kB | 55/151 kB | 54 kB | 0.1/2.7 MBProgress (5): 686/810 kB | 159/334 kB | 55/151 kB | 54 kB | 0.1/2.7 MBProgress (5): 690/810 kB | 159/334 kB | 55/151 kB | 54 kB | 0.1/2.7 MBProgress (5): 690/810 kB | 159/334 kB | 58/151 kB | 54 kB | 0.1/2.7 MBProgress (5): 690/810 kB | 162/334 kB | 58/151 kB | 54 kB | 0.1/2.7 MBProgress (5): 690/810 kB | 162/334 kB | 60/151 kB | 54 kB | 0.1/2.7 MBProgress (5): 690/810 kB | 165/334 kB | 60/151 kB | 54 kB | 0.1/2.7 MBProgress (5): 690/810 kB | 165/334 kB | 60/151 kB | 54 kB | 0.1/2.7 MBProgress (5): 690/810 kB | 167/334 kB | 60/151 kB | 54 kB | 0.1/2.7 MBProgress (5): 690/810 kB | 167/334 kB | 60/151 kB | 54 kB | 0.1/2.7 MBProgress (5): 690/810 kB | 167/334 kB | 60/151 kB | 54 kB | 0.1/2.7 MBProgress (5): 690/810 kB | 170/334 kB | 60/151 kB | 54 kB | 0.1/2.7 MBProgress (5): 690/810 kB | 173/334 kB | 60/151 kB | 54 kB | 0.1/2.7 MBProgress (5): 690/810 kB | 173/334 kB | 60/151 kB | 54 kB | 0.1/2.7 MB                                                                      Downloaded from central: https://repo.maven.apache.org/maven2/org/apache/commons/commons-exec/1.3/commons-exec-1.3.jar (54 kB at 90 kB/s)
Downloading from central: https://repo.maven.apache.org/maven2/com/google/code/findbugs/jsr305/1.3.9/jsr305-1.3.9.jar
Progress (4): 690/810 kB | 173/334 kB | 63/151 kB | 0.1/2.7 MBProgress (4): 690/810 kB | 173/334 kB | 66/151 kB | 0.1/2.7 MBProgress (4): 690/810 kB | 173/334 kB | 69/151 kB | 0.1/2.7 MBProgress (4): 690/810 kB | 173/334 kB | 71/151 kB | 0.1/2.7 MBProgress (4): 690/810 kB | 175/334 kB | 71/151 kB | 0.1/2.7 MBProgress (4): 690/810 kB | 175/334 kB | 74/151 kB | 0.1/2.7 MBProgress (4): 690/810 kB | 178/334 kB | 74/151 kB | 0.1/2.7 MBProgress (4): 690/810 kB | 181/334 kB | 74/151 kB | 0.1/2.7 MBProgress (4): 690/810 kB | 184/334 kB | 74/151 kB | 0.1/2.7 MBProgress (4): 690/810 kB | 186/334 kB | 74/151 kB | 0.1/2.7 MBProgress (4): 690/810 kB | 189/334 kB | 74/151 kB | 0.1/2.7 MBProgress (4): 690/810 kB | 192/334 kB | 74/151 kB | 0.1/2.7 MBProgress (4): 690/810 kB | 195/334 kB | 74/151 kB | 0.1/2.7 MBProgress (4): 690/810 kB | 197/334 kB | 74/151 kB | 0.1/2.7 MBProgress (4): 690/810 kB | 200/334 kB | 74/151 kB | 0.1/2.7 MBProgress (4): 690/810 kB | 203/334 kB | 74/151 kB | 0.1/2.7 MBProgress (4): 690/810 kB | 203/334 kB | 77/151 kB | 0.1/2.7 MBProgress (4): 690/810 kB | 203/334 kB | 80/151 kB | 0.1/2.7 MBProgress (4): 690/810 kB | 203/334 kB | 82/151 kB | 0.1/2.7 MBProgress (4): 690/810 kB | 203/334 kB | 85/151 kB | 0.1/2.7 MBProgress (4): 690/810 kB | 203/334 kB | 88/151 kB | 0.1/2.7 MBProgress (4): 690/810 kB | 203/334 kB | 90/151 kB | 0.1/2.7 MBProgress (4): 690/810 kB | 203/334 kB | 93/151 kB | 0.1/2.7 MBProgress (4): 690/810 kB | 203/334 kB | 96/151 kB | 0.1/2.7 MBProgress (4): 690/810 kB | 203/334 kB | 99/151 kB | 0.1/2.7 MBProgress (4): 690/810 kB | 203/334 kB | 101/151 kB | 0.1/2.7 MBProgress (4): 690/810 kB | 203/334 kB | 104/151 kB | 0.1/2.7 MBProgress (4): 690/810 kB | 203/334 kB | 107/151 kB | 0.1/2.7 MBProgress (4): 690/810 kB | 203/334 kB | 110/151 kB | 0.1/2.7 MBProgress (4): 690/810 kB | 203/334 kB | 112/151 kB | 0.1/2.7 MBProgress (4): 690/810 kB | 203/334 kB | 115/151 kB | 0.1/2.7 MBProgress (4): 690/810 kB | 203/334 kB | 118/151 kB | 0.1/2.7 MBProgress (4): 690/810 kB | 203/334 kB | 121/151 kB | 0.1/2.7 MBProgress (4): 690/810 kB | 203/334 kB | 123/151 kB | 0.1/2.7 MBProgress (4): 690/810 kB | 203/334 kB | 126/151 kB | 0.1/2.7 MBProgress (4): 690/810 kB | 203/334 kB | 129/151 kB | 0.1/2.7 MBProgress (4): 690/810 kB | 203/334 kB | 132/151 kB | 0.1/2.7 MBProgress (4): 690/810 kB | 203/334 kB | 134/151 kB | 0.1/2.7 MBProgress (4): 690/810 kB | 203/334 kB | 134/151 kB | 0.2/2.7 MBProgress (4): 690/810 kB | 206/334 kB | 134/151 kB | 0.2/2.7 MBProgress (4): 690/810 kB | 208/334 kB | 134/151 kB | 0.2/2.7 MBProgress (4): 690/810 kB | 211/334 kB | 134/151 kB | 0.2/2.7 MBProgress (4): 690/810 kB | 214/334 kB | 134/151 kB | 0.2/2.7 MBProgress (4): 690/810 kB | 217/334 kB | 134/151 kB | 0.2/2.7 MBProgress (4): 690/810 kB | 219/334 kB | 134/151 kB | 0.2/2.7 MBProgress (4): 690/810 kB | 223/334 kB | 134/151 kB | 0.2/2.7 MBProgress (4): 690/810 kB | 227/334 kB | 134/151 kB | 0.2/2.7 MBProgress (4): 690/810 kB | 231/334 kB | 134/151 kB | 0.2/2.7 MBProgress (4): 690/810 kB | 235/334 kB | 134/151 kB | 0.2/2.7 MBProgress (4): 694/810 kB | 235/334 kB | 134/151 kB | 0.2/2.7 MBProgress (4): 694/810 kB | 239/334 kB | 134/151 kB | 0.2/2.7 MBProgress (4): 694/810 kB | 239/334 kB | 137/151 kB | 0.2/2.7 MBProgress (4): 694/810 kB | 239/334 kB | 137/151 kB | 0.2/2.7 MBProgress (4): 694/810 kB | 239/334 kB | 137/151 kB | 0.2/2.7 MBProgress (4): 694/810 kB | 239/334 kB | 137/151 kB | 0.2/2.7 MBProgress (4): 694/810 kB | 243/334 kB | 137/151 kB | 0.2/2.7 MBProgress (4): 698/810 kB | 243/334 kB | 137/151 kB | 0.2/2.7 MBProgress (4): 702/810 kB | 243/334 kB | 137/151 kB | 0.2/2.7 MBProgress (4): 706/810 kB | 243/334 kB | 137/151 kB | 0.2/2.7 MBProgress (4): 706/810 kB | 247/334 kB | 137/151 kB | 0.2/2.7 MBProgress (4): 706/810 kB | 251/334 kB | 137/151 kB | 0.2/2.7 MBProgress (4): 711/810 kB | 251/334 kB | 137/151 kB | 0.2/2.7 MBProgress (4): 715/810 kB | 251/334 kB | 137/151 kB | 0.2/2.7 MBProgress (4): 719/810 kB | 251/334 kB | 137/151 kB | 0.2/2.7 MBProgress (4): 723/810 kB | 251/334 kB | 137/151 kB | 0.2/2.7 MBProgress (4): 723/810 kB | 251/334 kB | 140/151 kB | 0.2/2.7 MBProgress (4): 723/810 kB | 251/334 kB | 143/151 kB | 0.2/2.7 MBProgress (4): 727/810 kB | 251/334 kB | 143/151 kB | 0.2/2.7 MBProgress (4): 727/810 kB | 251/334 kB | 145/151 kB | 0.2/2.7 MBProgress (4): 727/810 kB | 251/334 kB | 148/151 kB | 0.2/2.7 MBProgress (4): 727/810 kB | 251/334 kB | 151/151 kB | 0.2/2.7 MBProgress (4): 727/810 kB | 251/334 kB | 151 kB | 0.2/2.7 MB    Progress (4): 727/810 kB | 256/334 kB | 151 kB | 0.2/2.7 MBProgress (4): 727/810 kB | 256/334 kB | 151 kB | 0.2/2.7 MBProgress (4): 727/810 kB | 260/334 kB | 151 kB | 0.2/2.7 MBProgress (4): 727/810 kB | 264/334 kB | 151 kB | 0.2/2.7 MBProgress (4): 727/810 kB | 268/334 kB | 151 kB | 0.2/2.7 MBProgress (4): 727/810 kB | 272/334 kB | 151 kB | 0.2/2.7 MBProgress (4): 727/810 kB | 276/334 kB | 151 kB | 0.2/2.7 MBProgress (4): 727/810 kB | 280/334 kB | 151 kB | 0.2/2.7 MBProgress (4): 727/810 kB | 284/334 kB | 151 kB | 0.2/2.7 MBProgress (4): 727/810 kB | 288/334 kB | 151 kB | 0.2/2.7 MBProgress (4): 727/810 kB | 292/334 kB | 151 kB | 0.2/2.7 MBProgress (4): 727/810 kB | 297/334 kB | 151 kB | 0.2/2.7 MBProgress (4): 727/810 kB | 301/334 kB | 151 kB | 0.2/2.7 MBProgress (4): 727/810 kB | 305/334 kB | 151 kB | 0.2/2.7 MBProgress (4): 727/810 kB | 309/334 kB | 151 kB | 0.2/2.7 MBProgress (4): 727/810 kB | 309/334 kB | 151 kB | 0.2/2.7 MBProgress (4): 731/810 kB | 309/334 kB | 151 kB | 0.2/2.7 MBProgress (4): 735/810 kB | 309/334 kB | 151 kB | 0.2/2.7 MBProgress (4): 739/810 kB | 309/334 kB | 151 kB | 0.2/2.7 MBProgress (4): 743/810 kB | 309/334 kB | 151 kB | 0.2/2.7 MBProgress (4): 747/810 kB | 309/334 kB | 151 kB | 0.2/2.7 MBProgress (4): 747/810 kB | 313/334 kB | 151 kB | 0.2/2.7 MBProgress (5): 747/810 kB | 313/334 kB | 151 kB | 0.2/2.7 MB | 2.7/33 kBProgress (5): 747/810 kB | 313/334 kB | 151 kB | 0.2/2.7 MB | 2.7/33 kBProgress (5): 751/810 kB | 313/334 kB | 151 kB | 0.2/2.7 MB | 2.7/33 kBProgress (5): 756/810 kB | 313/334 kB | 151 kB | 0.2/2.7 MB | 2.7/33 kBProgress (5): 760/810 kB | 313/334 kB | 151 kB | 0.2/2.7 MB | 2.7/33 kBProgress (5): 760/810 kB | 317/334 kB | 151 kB | 0.2/2.7 MB | 2.7/33 kBProgress (5): 760/810 kB | 317/334 kB | 151 kB | 0.2/2.7 MB | 5.5/33 kBProgress (5): 764/810 kB | 317/334 kB | 151 kB | 0.2/2.7 MB | 5.5/33 kBProgress (5): 764/810 kB | 317/334 kB | 151 kB | 0.2/2.7 MB | 8.2/33 kBProgress (5): 768/810 kB | 317/334 kB | 151 kB | 0.2/2.7 MB | 8.2/33 kBProgress (5): 768/810 kB | 317/334 kB | 151 kB | 0.2/2.7 MB | 11/33 kB Progress (5): 772/810 kB | 317/334 kB | 151 kB | 0.2/2.7 MB | 11/33 kBProgress (5): 772/810 kB | 317/334 kB | 151 kB | 0.2/2.7 MB | 14/33 kBProgress (5): 776/810 kB | 317/334 kB | 151 kB | 0.2/2.7 MB | 14/33 kBProgress (5): 776/810 kB | 317/334 kB | 151 kB | 0.2/2.7 MB | 16/33 kBProgress (5): 780/810 kB | 317/334 kB | 151 kB | 0.2/2.7 MB | 16/33 kBProgress (5): 780/810 kB | 317/334 kB | 151 kB | 0.2/2.7 MB | 19/33 kBProgress (5): 784/810 kB | 317/334 kB | 151 kB | 0.2/2.7 MB | 19/33 kBProgress (5): 788/810 kB | 317/334 kB | 151 kB | 0.2/2.7 MB | 19/33 kBProgress (5): 788/810 kB | 317/334 kB | 151 kB | 0.2/2.7 MB | 22/33 kBProgress (5): 792/810 kB | 317/334 kB | 151 kB | 0.2/2.7 MB | 22/33 kBProgress (5): 792/810 kB | 317/334 kB | 151 kB | 0.2/2.7 MB | 25/33 kBProgress (5): 792/810 kB | 317/334 kB | 151 kB | 0.3/2.7 MB | 25/33 kBProgress (5): 797/810 kB | 317/334 kB | 151 kB | 0.3/2.7 MB | 25/33 kBProgress (5): 801/810 kB | 317/334 kB | 151 kB | 0.3/2.7 MB | 25/33 kBProgress (5): 805/810 kB | 317/334 kB | 151 kB | 0.3/2.7 MB | 25/33 kBProgress (5): 809/810 kB | 317/334 kB | 151 kB | 0.3/2.7 MB | 25/33 kBProgress (5): 809/810 kB | 317/334 kB | 151 kB | 0.3/2.7 MB | 27/33 kBProgress (5): 809/810 kB | 317/334 kB | 151 kB | 0.3/2.7 MB | 27/33 kBProgress (5): 810 kB | 317/334 kB | 151 kB | 0.3/2.7 MB | 27/33 kB    Progress (5): 810 kB | 321/334 kB | 151 kB | 0.3/2.7 MB | 27/33 kBProgress (5): 810 kB | 325/334 kB | 151 kB | 0.3/2.7 MB | 27/33 kBProgress (5): 810 kB | 329/334 kB | 151 kB | 0.3/2.7 MB | 27/33 kBProgress (5): 810 kB | 333/334 kB | 151 kB | 0.3/2.7 MB | 27/33 kBProgress (5): 810 kB | 334 kB | 151 kB | 0.3/2.7 MB | 27/33 kB    Progress (5): 810 kB | 334 kB | 151 kB | 0.3/2.7 MB | 30/33 kBProgress (5): 810 kB | 334 kB | 151 kB | 0.3/2.7 MB | 33/33 kBProgress (5): 810 kB | 334 kB | 151 kB | 0.3/2.7 MB | 33 kB   Progress (5): 810 kB | 334 kB | 151 kB | 0.3/2.7 MB | 33 kBProgress (5): 810 kB | 334 kB | 151 kB | 0.3/2.7 MB | 33 kBProgress (5): 810 kB | 334 kB | 151 kB | 0.3/2.7 MB | 33 kBProgress (5): 810 kB | 334 kB | 151 kB | 0.3/2.7 MB | 33 kBProgress (5): 810 kB | 334 kB | 151 kB | 0.4/2.7 MB | 33 kBProgress (5): 810 kB | 334 kB | 151 kB | 0.4/2.7 MB | 33 kBProgress (5): 810 kB | 334 kB | 151 kB | 0.4/2.7 MB | 33 kBProgress (5): 810 kB | 334 kB | 151 kB | 0.4/2.7 MB | 33 kBProgress (5): 810 kB | 334 kB | 151 kB | 0.4/2.7 MB | 33 kBProgress (5): 810 kB | 334 kB | 151 kB | 0.4/2.7 MB | 33 kBProgress (5): 810 kB | 334 kB | 151 kB | 0.5/2.7 MB | 33 kBProgress (5): 810 kB | 334 kB | 151 kB | 0.5/2.7 MB | 33 kBProgress (5): 810 kB | 334 kB | 151 kB | 0.5/2.7 MB | 33 kB                                                           Downloaded from central: https://repo.maven.apache.org/maven2/org/seleniumhq/selenium/selenium-support/3.141.59/selenium-support-3.141.59.jar (151 kB at 223 kB/s)
Progress (4): 810 kB | 334 kB | 0.5/2.7 MB | 33 kB                                                  Downloading from central: https://repo.maven.apache.org/maven2/org/checkerframework/checker-compat-qual/2.0.0/checker-compat-qual-2.0.0.jar
Progress (4): 810 kB | 334 kB | 0.5/2.7 MB | 33 kBProgress (4): 810 kB | 334 kB | 0.5/2.7 MB | 33 kBProgress (4): 810 kB | 334 kB | 0.6/2.7 MB | 33 kBProgress (4): 810 kB | 334 kB | 0.6/2.7 MB | 33 kBProgress (4): 810 kB | 334 kB | 0.6/2.7 MB | 33 kBProgress (4): 810 kB | 334 kB | 0.6/2.7 MB | 33 kB                                                  Downloaded from central: https://repo.maven.apache.org/maven2/org/seleniumhq/selenium/selenium-firefox-driver/3.141.59/selenium-firefox-driver-3.141.59.jar (810 kB at 1.2 MB/s)
Downloading from central: https://repo.maven.apache.org/maven2/com/google/errorprone/error_prone_annotations/2.1.3/error_prone_annotations-2.1.3.jar
Progress (3): 334 kB | 0.6/2.7 MB | 33 kBProgress (3): 334 kB | 0.6/2.7 MB | 33 kBProgress (3): 334 kB | 0.7/2.7 MB | 33 kBProgress (3): 334 kB | 0.7/2.7 MB | 33 kB                                         Downloaded from central: https://repo.maven.apache.org/maven2/com/google/code/findbugs/jsr305/1.3.9/jsr305-1.3.9.jar (33 kB at 47 kB/s)
Downloading from central: https://repo.maven.apache.org/maven2/com/google/j2objc/j2objc-annotations/1.1/j2objc-annotations-1.1.jar
Progress (2): 334 kB | 0.7/2.7 MBProgress (2): 334 kB | 0.7/2.7 MBProgress (2): 334 kB | 0.7/2.7 MBProgress (2): 334 kB | 0.7/2.7 MBProgress (3): 334 kB | 0.7/2.7 MB | 2.7/32 kBProgress (3): 334 kB | 0.7/2.7 MB | 5.5/32 kBProgress (3): 334 kB | 0.7/2.7 MB | 8.2/32 kBProgress (3): 334 kB | 0.7/2.7 MB | 11/32 kB Progress (4): 334 kB | 0.7/2.7 MB | 11/32 kB | 4.1/14 kBProgress (4): 334 kB | 0.7/2.7 MB | 11/32 kB | 8.2/14 kBProgress (4): 334 kB | 0.7/2.7 MB | 11/32 kB | 12/14 kB                                                        Downloaded from central: https://repo.maven.apache.org/maven2/org/seleniumhq/selenium/selenium-remote-driver/3.141.59/selenium-remote-driver-3.141.59.jar (334 kB at 452 kB/s)
Progress (3): 0.7/2.7 MB | 11/32 kB | 12/14 kB                                              Downloading from central: https://repo.maven.apache.org/maven2/org/codehaus/mojo/animal-sniffer-annotations/1.14/animal-sniffer-annotations-1.14.jar
Progress (3): 0.8/2.7 MB | 11/32 kB | 12/14 kBProgress (3): 0.8/2.7 MB | 14/32 kB | 12/14 kBProgress (3): 0.8/2.7 MB | 14/32 kB | 14 kB   Progress (4): 0.8/2.7 MB | 14/32 kB | 14 kB | 4.1/8.8 kBProgress (4): 0.8/2.7 MB | 14/32 kB | 14 kB | 8.2/8.8 kBProgress (4): 0.8/2.7 MB | 14/32 kB | 14 kB | 8.8 kB    Progress (4): 0.8/2.7 MB | 14/32 kB | 14 kB | 8.8 kBProgress (4): 0.8/2.7 MB | 16/32 kB | 14 kB | 8.8 kBProgress (4): 0.8/2.7 MB | 19/32 kB | 14 kB | 8.8 kBProgress (4): 0.8/2.7 MB | 19/32 kB | 14 kB | 8.8 kBProgress (4): 0.8/2.7 MB | 22/32 kB | 14 kB | 8.8 kBProgress (4): 0.8/2.7 MB | 25/32 kB | 14 kB | 8.8 kBProgress (4): 0.8/2.7 MB | 25/32 kB | 14 kB | 8.8 kBProgress (4): 0.8/2.7 MB | 27/32 kB | 14 kB | 8.8 kBProgress (4): 0.8/2.7 MB | 30/32 kB | 14 kB | 8.8 kBProgress (4): 0.8/2.7 MB | 30/32 kB | 14 kB | 8.8 kBProgress (4): 0.8/2.7 MB | 32 kB | 14 kB | 8.8 kB   Progress (4): 0.8/2.7 MB | 32 kB | 14 kB | 8.8 kBProgress (4): 0.9/2.7 MB | 32 kB | 14 kB | 8.8 kBProgress (4): 0.9/2.7 MB | 32 kB | 14 kB | 8.8 kBProgress (4): 0.9/2.7 MB | 32 kB | 14 kB | 8.8 kBProgress (4): 0.9/2.7 MB | 32 kB | 14 kB | 8.8 kBProgress (4): 0.9/2.7 MB | 32 kB | 14 kB | 8.8 kBProgress (4): 0.9/2.7 MB | 32 kB | 14 kB | 8.8 kBProgress (4): 1.0/2.7 MB | 32 kB | 14 kB | 8.8 kBProgress (4): 1.0/2.7 MB | 32 kB | 14 kB | 8.8 kBProgress (4): 1.0/2.7 MB | 32 kB | 14 kB | 8.8 kBProgress (4): 1.0/2.7 MB | 32 kB | 14 kB | 8.8 kBProgress (4): 1.0/2.7 MB | 32 kB | 14 kB | 8.8 kBProgress (5): 1.0/2.7 MB | 32 kB | 14 kB | 8.8 kB | 3.5 kBProgress (5): 1.0/2.7 MB | 32 kB | 14 kB | 8.8 kB | 3.5 kB                                                          Downloaded from central: https://repo.maven.apache.org/maven2/com/google/errorprone/error_prone_annotations/2.1.3/error_prone_annotations-2.1.3.jar (14 kB at 18 kB/s)
Downloading from central: https://repo.maven.apache.org/maven2/com/squareup/okhttp3/okhttp/3.14.6/okhttp-3.14.6.jar
Downloaded from central: https://repo.maven.apache.org/maven2/com/google/j2objc/j2objc-annotations/1.1/j2objc-annotations-1.1.jar (8.8 kB at 11 kB/s)
Downloading from central: https://repo.maven.apache.org/maven2/com/squareup/okio/okio/1.14.0/okio-1.14.0.jar
Progress (3): 1.1/2.7 MB | 32 kB | 3.5 kBProgress (3): 1.1/2.7 MB | 32 kB | 3.5 kBProgress (3): 1.1/2.7 MB | 32 kB | 3.5 kBProgress (3): 1.1/2.7 MB | 32 kB | 3.5 kBProgress (3): 1.1/2.7 MB | 32 kB | 3.5 kB                                         Downloaded from central: https://repo.maven.apache.org/maven2/org/checkerframework/checker-compat-qual/2.0.0/checker-compat-qual-2.0.0.jar (32 kB at 40 kB/s)
Progress (2): 1.1/2.7 MB | 3.5 kBProgress (2): 1.2/2.7 MB | 3.5 kBProgress (2): 1.2/2.7 MB | 3.5 kBProgress (2): 1.2/2.7 MB | 3.5 kBProgress (2): 1.2/2.7 MB | 3.5 kBProgress (2): 1.2/2.7 MB | 3.5 kBProgress (2): 1.2/2.7 MB | 3.5 kBProgress (2): 1.3/2.7 MB | 3.5 kBProgress (2): 1.3/2.7 MB | 3.5 kBProgress (3): 1.3/2.7 MB | 3.5 kB | 4.1/86 kBProgress (3): 1.3/2.7 MB | 3.5 kB | 8.2/86 kBProgress (3): 1.3/2.7 MB | 3.5 kB | 12/86 kB Progress (3): 1.3/2.7 MB | 3.5 kB | 16/86 kBProgress (4): 1.3/2.7 MB | 3.5 kB | 16/86 kB | 4.1/428 kBProgress (4): 1.3/2.7 MB | 3.5 kB | 16/86 kB | 8.2/428 kBProgress (4): 1.3/2.7 MB | 3.5 kB | 16/86 kB | 12/428 kB Progress (4): 1.3/2.7 MB | 3.5 kB | 16/86 kB | 16/428 kBProgress (4): 1.3/2.7 MB | 3.5 kB | 16/86 kB | 20/428 kBProgress (4): 1.3/2.7 MB | 3.5 kB | 16/86 kB | 25/428 kBProgress (4): 1.3/2.7 MB | 3.5 kB | 16/86 kB | 29/428 kBProgress (4): 1.3/2.7 MB | 3.5 kB | 16/86 kB | 33/428 kBProgress (4): 1.3/2.7 MB | 3.5 kB | 16/86 kB | 37/428 kBProgress (4): 1.3/2.7 MB | 3.5 kB | 16/86 kB | 41/428 kB                                                        Downloaded from central: https://repo.maven.apache.org/maven2/org/codehaus/mojo/animal-sniffer-annotations/1.14/animal-sniffer-annotations-1.14.jar (3.5 kB at 4.3 kB/s)
Progress (3): 1.3/2.7 MB | 16/86 kB | 41/428 kBProgress (3): 1.3/2.7 MB | 16/86 kB | 45/428 kBProgress (3): 1.3/2.7 MB | 16/86 kB | 49/428 kBProgress (3): 1.3/2.7 MB | 16/86 kB | 53/428 kBProgress (3): 1.3/2.7 MB | 16/86 kB | 57/428 kBProgress (3): 1.3/2.7 MB | 16/86 kB | 61/428 kBProgress (3): 1.3/2.7 MB | 16/86 kB | 66/428 kBProgress (3): 1.3/2.7 MB | 16/86 kB | 70/428 kBProgress (3): 1.3/2.7 MB | 16/86 kB | 74/428 kBProgress (3): 1.3/2.7 MB | 16/86 kB | 78/428 kBProgress (3): 1.3/2.7 MB | 16/86 kB | 82/428 kBProgress (3): 1.3/2.7 MB | 16/86 kB | 86/428 kBProgress (3): 1.3/2.7 MB | 16/86 kB | 90/428 kBProgress (3): 1.3/2.7 MB | 16/86 kB | 94/428 kBProgress (3): 1.3/2.7 MB | 16/86 kB | 98/428 kBProgress (3): 1.3/2.7 MB | 16/86 kB | 102/428 kBProgress (3): 1.3/2.7 MB | 16/86 kB | 106/428 kBProgress (3): 1.3/2.7 MB | 16/86 kB | 111/428 kBProgress (3): 1.3/2.7 MB | 16/86 kB | 115/428 kBProgress (3): 1.3/2.7 MB | 16/86 kB | 119/428 kBProgress (3): 1.3/2.7 MB | 16/86 kB | 123/428 kBProgress (3): 1.3/2.7 MB | 16/86 kB | 127/428 kBProgress (3): 1.3/2.7 MB | 16/86 kB | 131/428 kBProgress (3): 1.3/2.7 MB | 16/86 kB | 135/428 kBProgress (3): 1.3/2.7 MB | 16/86 kB | 139/428 kBProgress (3): 1.3/2.7 MB | 16/86 kB | 143/428 kBProgress (3): 1.3/2.7 MB | 16/86 kB | 147/428 kBProgress (3): 1.3/2.7 MB | 16/86 kB | 152/428 kBProgress (3): 1.3/2.7 MB | 16/86 kB | 156/428 kBProgress (3): 1.3/2.7 MB | 16/86 kB | 160/428 kBProgress (3): 1.3/2.7 MB | 16/86 kB | 164/428 kBProgress (3): 1.3/2.7 MB | 16/86 kB | 168/428 kBProgress (3): 1.3/2.7 MB | 16/86 kB | 172/428 kBProgress (3): 1.3/2.7 MB | 16/86 kB | 176/428 kBProgress (3): 1.3/2.7 MB | 16/86 kB | 180/428 kBProgress (3): 1.3/2.7 MB | 16/86 kB | 184/428 kBProgress (3): 1.3/2.7 MB | 16/86 kB | 188/428 kBProgress (3): 1.3/2.7 MB | 16/86 kB | 193/428 kBProgress (3): 1.3/2.7 MB | 16/86 kB | 197/428 kBProgress (3): 1.3/2.7 MB | 16/86 kB | 201/428 kBProgress (3): 1.3/2.7 MB | 16/86 kB | 205/428 kBProgress (3): 1.3/2.7 MB | 16/86 kB | 209/428 kBProgress (3): 1.3/2.7 MB | 16/86 kB | 213/428 kBProgress (3): 1.3/2.7 MB | 16/86 kB | 217/428 kBProgress (3): 1.3/2.7 MB | 16/86 kB | 221/428 kBProgress (3): 1.3/2.7 MB | 16/86 kB | 225/428 kBProgress (3): 1.3/2.7 MB | 16/86 kB | 229/428 kBProgress (3): 1.3/2.7 MB | 16/86 kB | 233/428 kBProgress (3): 1.3/2.7 MB | 16/86 kB | 238/428 kBProgress (3): 1.3/2.7 MB | 16/86 kB | 242/428 kBProgress (3): 1.3/2.7 MB | 16/86 kB | 246/428 kBProgress (3): 1.3/2.7 MB | 16/86 kB | 246/428 kBProgress (3): 1.3/2.7 MB | 16/86 kB | 250/428 kBProgress (3): 1.3/2.7 MB | 16/86 kB | 254/428 kBProgress (3): 1.3/2.7 MB | 16/86 kB | 258/428 kBProgress (3): 1.3/2.7 MB | 16/86 kB | 262/428 kBProgress (3): 1.3/2.7 MB | 16/86 kB | 266/428 kBProgress (3): 1.3/2.7 MB | 16/86 kB | 270/428 kBProgress (3): 1.3/2.7 MB | 16/86 kB | 274/428 kBProgress (3): 1.3/2.7 MB | 16/86 kB | 274/428 kBProgress (3): 1.3/2.7 MB | 16/86 kB | 278/428 kBProgress (3): 1.3/2.7 MB | 20/86 kB | 278/428 kBProgress (3): 1.3/2.7 MB | 25/86 kB | 278/428 kBProgress (3): 1.3/2.7 MB | 29/86 kB | 278/428 kBProgress (3): 1.3/2.7 MB | 29/86 kB | 282/428 kBProgress (3): 1.3/2.7 MB | 33/86 kB | 282/428 kBProgress (3): 1.3/2.7 MB | 33/86 kB | 286/428 kBProgress (3): 1.3/2.7 MB | 33/86 kB | 290/428 kBProgress (3): 1.3/2.7 MB | 37/86 kB | 290/428 kBProgress (3): 1.3/2.7 MB | 37/86 kB | 294/428 kBProgress (3): 1.3/2.7 MB | 41/86 kB | 294/428 kBProgress (3): 1.3/2.7 MB | 45/86 kB | 294/428 kBProgress (3): 1.3/2.7 MB | 49/86 kB | 294/428 kBProgress (3): 1.3/2.7 MB | 53/86 kB | 294/428 kBProgress (3): 1.3/2.7 MB | 57/86 kB | 294/428 kBProgress (3): 1.3/2.7 MB | 61/86 kB | 294/428 kBProgress (3): 1.3/2.7 MB | 66/86 kB | 294/428 kBProgress (3): 1.3/2.7 MB | 70/86 kB | 294/428 kBProgress (3): 1.3/2.7 MB | 74/86 kB | 294/428 kBProgress (3): 1.3/2.7 MB | 78/86 kB | 294/428 kBProgress (3): 1.3/2.7 MB | 82/86 kB | 294/428 kBProgress (3): 1.3/2.7 MB | 86 kB | 294/428 kB   Progress (3): 1.3/2.7 MB | 86 kB | 294/428 kBProgress (3): 1.3/2.7 MB | 86 kB | 294/428 kBProgress (3): 1.4/2.7 MB | 86 kB | 294/428 kBProgress (3): 1.4/2.7 MB | 86 kB | 294/428 kBProgress (3): 1.4/2.7 MB | 86 kB | 294/428 kBProgress (3): 1.4/2.7 MB | 86 kB | 294/428 kBProgress (3): 1.4/2.7 MB | 86 kB | 294/428 kBProgress (3): 1.4/2.7 MB | 86 kB | 294/428 kBProgress (3): 1.5/2.7 MB | 86 kB | 294/428 kBProgress (3): 1.5/2.7 MB | 86 kB | 294/428 kBProgress (3): 1.5/2.7 MB | 86 kB | 294/428 kBProgress (3): 1.5/2.7 MB | 86 kB | 294/428 kBProgress (3): 1.5/2.7 MB | 86 kB | 298/428 kBProgress (3): 1.5/2.7 MB | 86 kB | 302/428 kBProgress (3): 1.5/2.7 MB | 86 kB | 306/428 kBProgress (3): 1.5/2.7 MB | 86 kB | 310/428 kBProgress (3): 1.5/2.7 MB | 86 kB | 314/428 kBProgress (3): 1.5/2.7 MB | 86 kB | 318/428 kBProgress (3): 1.5/2.7 MB | 86 kB | 323/428 kBProgress (3): 1.5/2.7 MB | 86 kB | 327/428 kBProgress (3): 1.5/2.7 MB | 86 kB | 327/428 kBProgress (3): 1.5/2.7 MB | 86 kB | 331/428 kBProgress (3): 1.5/2.7 MB | 86 kB | 335/428 kBProgress (3): 1.5/2.7 MB | 86 kB | 339/428 kBProgress (3): 1.5/2.7 MB | 86 kB | 343/428 kBProgress (3): 1.5/2.7 MB | 86 kB | 343/428 kBProgress (3): 1.6/2.7 MB | 86 kB | 343/428 kBProgress (3): 1.6/2.7 MB | 86 kB | 343/428 kBProgress (3): 1.6/2.7 MB | 86 kB | 347/428 kBProgress (3): 1.6/2.7 MB | 86 kB | 351/428 kBProgress (3): 1.6/2.7 MB | 86 kB | 355/428 kBProgress (3): 1.6/2.7 MB | 86 kB | 359/428 kBProgress (3): 1.6/2.7 MB | 86 kB | 359/428 kBProgress (3): 1.6/2.7 MB | 86 kB | 364/428 kBProgress (3): 1.6/2.7 MB | 86 kB | 368/428 kBProgress (3): 1.6/2.7 MB | 86 kB | 372/428 kBProgress (3): 1.6/2.7 MB | 86 kB | 376/428 kBProgress (3): 1.6/2.7 MB | 86 kB | 376/428 kB                                             Downloaded from central: https://repo.maven.apache.org/maven2/com/squareup/okio/okio/1.14.0/okio-1.14.0.jar (86 kB at 94 kB/s)
Progress (2): 1.6/2.7 MB | 380/428 kBProgress (2): 1.6/2.7 MB | 384/428 kBProgress (2): 1.6/2.7 MB | 388/428 kBProgress (2): 1.6/2.7 MB | 392/428 kBProgress (2): 1.6/2.7 MB | 392/428 kBProgress (2): 1.6/2.7 MB | 396/428 kBProgress (2): 1.6/2.7 MB | 400/428 kBProgress (2): 1.6/2.7 MB | 404/428 kBProgress (2): 1.6/2.7 MB | 409/428 kBProgress (2): 1.6/2.7 MB | 409/428 kBProgress (2): 1.6/2.7 MB | 413/428 kBProgress (2): 1.6/2.7 MB | 417/428 kBProgress (2): 1.6/2.7 MB | 421/428 kBProgress (2): 1.6/2.7 MB | 425/428 kBProgress (2): 1.6/2.7 MB | 428 kB    Progress (2): 1.7/2.7 MB | 428 kBProgress (2): 1.7/2.7 MB | 428 kBProgress (2): 1.7/2.7 MB | 428 kBProgress (2): 1.7/2.7 MB | 428 kBProgress (2): 1.7/2.7 MB | 428 kBProgress (2): 1.7/2.7 MB | 428 kBProgress (2): 1.8/2.7 MB | 428 kB                                 Downloaded from central: https://repo.maven.apache.org/maven2/com/squareup/okhttp3/okhttp/3.14.6/okhttp-3.14.6.jar (428 kB at 447 kB/s)
Progress (1): 1.8/2.7 MBProgress (1): 1.8/2.7 MBProgress (1): 1.8/2.7 MBProgress (1): 1.8/2.7 MBProgress (1): 1.8/2.7 MBProgress (1): 1.9/2.7 MBProgress (1): 1.9/2.7 MBProgress (1): 1.9/2.7 MBProgress (1): 1.9/2.7 MBProgress (1): 1.9/2.7 MBProgress (1): 1.9/2.7 MBProgress (1): 2.0/2.7 MBProgress (1): 2.0/2.7 MBProgress (1): 2.0/2.7 MBProgress (1): 2.0/2.7 MBProgress (1): 2.0/2.7 MBProgress (1): 2.0/2.7 MBProgress (1): 2.1/2.7 MBProgress (1): 2.1/2.7 MBProgress (1): 2.1/2.7 MBProgress (1): 2.1/2.7 MBProgress (1): 2.1/2.7 MBProgress (1): 2.1/2.7 MBProgress (1): 2.1/2.7 MBProgress (1): 2.2/2.7 MBProgress (1): 2.2/2.7 MBProgress (1): 2.2/2.7 MBProgress (1): 2.2/2.7 MBProgress (1): 2.2/2.7 MBProgress (1): 2.2/2.7 MBProgress (1): 2.3/2.7 MBProgress (1): 2.3/2.7 MBProgress (1): 2.3/2.7 MBProgress (1): 2.3/2.7 MBProgress (1): 2.3/2.7 MBProgress (1): 2.3/2.7 MBProgress (1): 2.4/2.7 MBProgress (1): 2.4/2.7 MBProgress (1): 2.4/2.7 MBProgress (1): 2.4/2.7 MBProgress (1): 2.4/2.7 MBProgress (1): 2.4/2.7 MBProgress (1): 2.5/2.7 MBProgress (1): 2.5/2.7 MBProgress (1): 2.5/2.7 MBProgress (1): 2.5/2.7 MBProgress (1): 2.5/2.7 MBProgress (1): 2.5/2.7 MBProgress (1): 2.6/2.7 MBProgress (1): 2.6/2.7 MBProgress (1): 2.6/2.7 MBProgress (1): 2.6/2.7 MBProgress (1): 2.6/2.7 MBProgress (1): 2.6/2.7 MBProgress (1): 2.7/2.7 MBProgress (1): 2.7/2.7 MBProgress (1): 2.7/2.7 MBProgress (1): 2.7/2.7 MBProgress (1): 2.7/2.7 MBProgress (1): 2.7 MB                        Downloaded from central: https://repo.maven.apache.org/maven2/com/google/guava/guava/25.0-jre/guava-25.0-jre.jar (2.7 MB at 2.3 MB/s)
[INFO] 
[8mha:////4KD+Mp3xCHh0uEQTKLD9AxTWaLk0VVU9tHyScmjYUQGqAAAAYB+LCAAAAAAAAP9b85aBtbiIQSmjNKU4P0+vJLE4u1gvPjexLDVPzxdEGvvmZ+X75ZekLlOVfvTjc8FPJgaGiiIGKaiG5Py84vycVD1nCA1SyAABjCCFBQCV27OjYAAAAA==[0m[INFO] --- maven-resources-plugin:3.1.0:resources (default-resources) @ panda ---
[INFO] Using 'UTF-8' encoding to copy filtered resources.
[INFO] Copying 1 resource
[INFO] Copying 2 resources
[INFO] 
[8mha:////4KD+Mp3xCHh0uEQTKLD9AxTWaLk0VVU9tHyScmjYUQGqAAAAYB+LCAAAAAAAAP9b85aBtbiIQSmjNKU4P0+vJLE4u1gvPjexLDVPzxdEGvvmZ+X75ZekLlOVfvTjc8FPJgaGiiIGKaiG5Py84vycVD1nCA1SyAABjCCFBQCV27OjYAAAAA==[0m[INFO] --- maven-compiler-plugin:3.8.1:compile (default-compile) @ panda ---
[INFO] Changes detected - recompiling the module!
[INFO] Compiling 2 source files to /var/jenkins_home/workspace/CodePull/target/classes
[INFO] 
[8mha:////4KD+Mp3xCHh0uEQTKLD9AxTWaLk0VVU9tHyScmjYUQGqAAAAYB+LCAAAAAAAAP9b85aBtbiIQSmjNKU4P0+vJLE4u1gvPjexLDVPzxdEGvvmZ+X75ZekLlOVfvTjc8FPJgaGiiIGKaiG5Py84vycVD1nCA1SyAABjCCFBQCV27OjYAAAAA==[0m[INFO] --- maven-compiler-plugin:3.8.1:compile (default) @ panda ---
[INFO] Changes detected - recompiling the module!
[INFO] Compiling 2 source files to /var/jenkins_home/workspace/CodePull/target/classes
[INFO] 
[8mha:////4KD+Mp3xCHh0uEQTKLD9AxTWaLk0VVU9tHyScmjYUQGqAAAAYB+LCAAAAAAAAP9b85aBtbiIQSmjNKU4P0+vJLE4u1gvPjexLDVPzxdEGvvmZ+X75ZekLlOVfvTjc8FPJgaGiiIGKaiG5Py84vycVD1nCA1SyAABjCCFBQCV27OjYAAAAA==[0m[INFO] --- maven-resources-plugin:3.1.0:testResources (default-testResources) @ panda ---
[INFO] Using 'UTF-8' encoding to copy filtered resources.
[INFO] skip non existing resourceDirectory /var/jenkins_home/workspace/CodePull/src/test/resources
[INFO] 
[8mha:////4KD+Mp3xCHh0uEQTKLD9AxTWaLk0VVU9tHyScmjYUQGqAAAAYB+LCAAAAAAAAP9b85aBtbiIQSmjNKU4P0+vJLE4u1gvPjexLDVPzxdEGvvmZ+X75ZekLlOVfvTjc8FPJgaGiiIGKaiG5Py84vycVD1nCA1SyAABjCCFBQCV27OjYAAAAA==[0m[INFO] --- maven-compiler-plugin:3.8.1:testCompile (default-testCompile) @ panda ---
[INFO] Changes detected - recompiling the module!
[INFO] Compiling 3 source files to /var/jenkins_home/workspace/CodePull/target/test-classes
[INFO] 
[8mha:////4KD+Mp3xCHh0uEQTKLD9AxTWaLk0VVU9tHyScmjYUQGqAAAAYB+LCAAAAAAAAP9b85aBtbiIQSmjNKU4P0+vJLE4u1gvPjexLDVPzxdEGvvmZ+X75ZekLlOVfvTjc8FPJgaGiiIGKaiG5Py84vycVD1nCA1SyAABjCCFBQCV27OjYAAAAA==[0m[INFO] --- maven-surefire-plugin:2.22.2:test (default-test) @ panda ---
[INFO] 
[INFO] -------------------------------------------------------
[INFO]  T E S T S
[INFO] -------------------------------------------------------
[INFO] Running pl.pandait.panda.PandaApplicationTest
17:53:32.012 [main] DEBUG org.springframework.test.context.BootstrapUtils - Instantiating CacheAwareContextLoaderDelegate from class [org.springframework.test.context.cache.DefaultCacheAwareContextLoaderDelegate]
17:53:32.039 [main] DEBUG org.springframework.test.context.BootstrapUtils - Instantiating BootstrapContext using constructor [public org.springframework.test.context.support.DefaultBootstrapContext(java.lang.Class,org.springframework.test.context.CacheAwareContextLoaderDelegate)]
17:53:32.118 [main] DEBUG org.springframework.test.context.BootstrapUtils - Instantiating TestContextBootstrapper for test class [pl.pandait.panda.PandaApplicationTest] from class [org.springframework.boot.test.context.SpringBootTestContextBootstrapper]
17:53:32.161 [main] INFO org.springframework.boot.test.context.SpringBootTestContextBootstrapper - Neither @ContextConfiguration nor @ContextHierarchy found for test class [pl.pandait.panda.PandaApplicationTest], using SpringBootContextLoader
17:53:32.176 [main] DEBUG org.springframework.test.context.support.AbstractContextLoader - Did not detect default resource location for test class [pl.pandait.panda.PandaApplicationTest]: class path resource [pl/pandait/panda/PandaApplicationTest-context.xml] does not exist
17:53:32.179 [main] DEBUG org.springframework.test.context.support.AbstractContextLoader - Did not detect default resource location for test class [pl.pandait.panda.PandaApplicationTest]: class path resource [pl/pandait/panda/PandaApplicationTestContext.groovy] does not exist
17:53:32.180 [main] INFO org.springframework.test.context.support.AbstractContextLoader - Could not detect default resource locations for test class [pl.pandait.panda.PandaApplicationTest]: no resource found for suffixes {-context.xml, Context.groovy}.
17:53:32.186 [main] INFO org.springframework.test.context.support.AnnotationConfigContextLoaderUtils - Could not detect default configuration classes for test class [pl.pandait.panda.PandaApplicationTest]: PandaApplicationTest does not declare any static, non-private, non-final, nested classes annotated with @Configuration.
17:53:32.294 [main] DEBUG org.springframework.test.context.support.ActiveProfilesUtils - Could not find an 'annotation declaring class' for annotation type [org.springframework.test.context.ActiveProfiles] and class [pl.pandait.panda.PandaApplicationTest]
17:53:32.468 [main] DEBUG org.springframework.context.annotation.ClassPathScanningCandidateComponentProvider - Identified candidate component class: file [/var/jenkins_home/workspace/CodePull/target/classes/pl/pandait/panda/PandaApplication.class]
17:53:32.470 [main] INFO org.springframework.boot.test.context.SpringBootTestContextBootstrapper - Found @SpringBootConfiguration pl.pandait.panda.PandaApplication for test class pl.pandait.panda.PandaApplicationTest
17:53:32.646 [main] DEBUG org.springframework.boot.test.context.SpringBootTestContextBootstrapper - @TestExecutionListeners is not present for class [pl.pandait.panda.PandaApplicationTest]: using defaults.
17:53:32.647 [main] INFO org.springframework.boot.test.context.SpringBootTestContextBootstrapper - Loaded default TestExecutionListener class names from location [META-INF/spring.factories]: [org.springframework.boot.test.mock.mockito.MockitoTestExecutionListener, org.springframework.boot.test.mock.mockito.ResetMocksTestExecutionListener, org.springframework.boot.test.autoconfigure.restdocs.RestDocsTestExecutionListener, org.springframework.boot.test.autoconfigure.web.client.MockRestServiceServerResetTestExecutionListener, org.springframework.boot.test.autoconfigure.web.servlet.MockMvcPrintOnlyOnFailureTestExecutionListener, org.springframework.boot.test.autoconfigure.web.servlet.WebDriverTestExecutionListener, org.springframework.test.context.web.ServletTestExecutionListener, org.springframework.test.context.support.DirtiesContextBeforeModesTestExecutionListener, org.springframework.test.context.support.DependencyInjectionTestExecutionListener, org.springframework.test.context.support.DirtiesContextTestExecutionListener, org.springframework.test.context.transaction.TransactionalTestExecutionListener, org.springframework.test.context.jdbc.SqlScriptsTestExecutionListener, org.springframework.test.context.event.EventPublishingTestExecutionListener]
17:53:32.664 [main] DEBUG org.springframework.boot.test.context.SpringBootTestContextBootstrapper - Skipping candidate TestExecutionListener [org.springframework.test.context.transaction.TransactionalTestExecutionListener] due to a missing dependency. Specify custom listener classes or make the default listener classes and their required dependencies available. Offending class: [org/springframework/transaction/interceptor/TransactionAttributeSource]
17:53:32.666 [main] DEBUG org.springframework.boot.test.context.SpringBootTestContextBootstrapper - Skipping candidate TestExecutionListener [org.springframework.test.context.jdbc.SqlScriptsTestExecutionListener] due to a missing dependency. Specify custom listener classes or make the default listener classes and their required dependencies available. Offending class: [org/springframework/transaction/interceptor/TransactionAttribute]
17:53:32.667 [main] INFO org.springframework.boot.test.context.SpringBootTestContextBootstrapper - Using TestExecutionListeners: [org.springframework.test.context.web.ServletTestExecutionListener@25a6944c, org.springframework.test.context.support.DirtiesContextBeforeModesTestExecutionListener@5e1fa5b1, org.springframework.boot.test.mock.mockito.MockitoTestExecutionListener@6b00f608, org.springframework.boot.test.autoconfigure.SpringBootDependencyInjectionTestExecutionListener@2f17e30d, org.springframework.test.context.support.DirtiesContextTestExecutionListener@3e821657, org.springframework.test.context.event.EventPublishingTestExecutionListener@1d131e1b, org.springframework.boot.test.mock.mockito.ResetMocksTestExecutionListener@71cf1b07, org.springframework.boot.test.autoconfigure.restdocs.RestDocsTestExecutionListener@615091b8, org.springframework.boot.test.autoconfigure.web.client.MockRestServiceServerResetTestExecutionListener@4fce136b, org.springframework.boot.test.autoconfigure.web.servlet.MockMvcPrintOnlyOnFailureTestExecutionListener@4aa83f4f, org.springframework.boot.test.autoconfigure.web.servlet.WebDriverTestExecutionListener@43b6123e]
17:53:32.673 [main] DEBUG org.springframework.test.context.support.AbstractDirtiesContextTestExecutionListener - Before test class: context [DefaultTestContext@101639ae testClass = PandaApplicationTest, testInstance = [null], testMethod = [null], testException = [null], mergedContextConfiguration = [WebMergedContextConfiguration@4c550889 testClass = PandaApplicationTest, locations = '{}', classes = '{class pl.pandait.panda.PandaApplication}', contextInitializerClasses = '[]', activeProfiles = '{}', propertySourceLocations = '{}', propertySourceProperties = '{org.springframework.boot.test.context.SpringBootTestContextBootstrapper=true}', contextCustomizers = set[org.springframework.boot.test.context.filter.ExcludeFilterContextCustomizer@3e62d773, org.springframework.boot.test.json.DuplicateJsonObjectContextCustomizerFactory$DuplicateJsonObjectContextCustomizer@638ef7ed, org.springframework.boot.test.mock.mockito.MockitoContextCustomizer@0, org.springframework.boot.test.web.client.TestRestTemplateContextCustomizer@7de62196, org.springframework.boot.test.autoconfigure.properties.PropertyMappingContextCustomizer@0, org.springframework.boot.test.autoconfigure.web.servlet.WebDriverContextCustomizerFactory$Customizer@43015c69], resourceBasePath = 'src/main/webapp', contextLoader = 'org.springframework.boot.test.context.SpringBootContextLoader', parent = [null]], attributes = map['org.springframework.test.context.web.ServletTestExecutionListener.activateListener' -> true]], class annotated with @DirtiesContext [false] with mode [null].
17:53:32.744 [main] DEBUG org.springframework.test.context.support.TestPropertySourceUtils - Adding inlined properties to environment: {spring.jmx.enabled=false, org.springframework.boot.test.context.SpringBootTestContextBootstrapper=true, server.port=-1}

  .   ____          _            __ _ _
 /\\ / ___'_ __ _ _(_)_ __  __ _ \ \ \ \
( ( )\___ | '_ | '_| | '_ \/ _` | \ \ \ \
 \\/  ___)| |_)| | | | | || (_| |  ) ) ) )
  '  |____| .__|_| |_|_| |_\__, | / / / /
 =========|_|==============|___/=/_/_/_/
 :: Spring Boot ::        (v2.2.4.RELEASE)

2021-03-01 17:53:33.628  INFO 225 --- [           main] pl.pandait.panda.PandaApplicationTest    : Starting PandaApplicationTest on 1b7d8cbe7d2e with PID 225 (started by jenkins in /var/jenkins_home/workspace/CodePull)
2021-03-01 17:53:33.635  INFO 225 --- [           main] pl.pandait.panda.PandaApplicationTest    : No active profile set, falling back to default profiles: default
2021-03-01 17:53:38.921  INFO 225 --- [           main] o.s.s.concurrent.ThreadPoolTaskExecutor  : Initializing ExecutorService 'applicationTaskExecutor'
2021-03-01 17:53:39.204  INFO 225 --- [           main] o.s.b.a.w.s.WelcomePageHandlerMapping    : Adding welcome page: class path resource [static/index.html]
2021-03-01 17:53:39.957  INFO 225 --- [           main] pl.pandait.panda.PandaApplicationTest    : Started PandaApplicationTest in 7.175 seconds (JVM running for 9.728)
[INFO] Tests run: 1, Failures: 0, Errors: 0, Skipped: 0, Time elapsed: 9.208 s - in pl.pandait.panda.PandaApplicationTest
[INFO] Running pl.pandait.panda.HelloControllerTest
2021-03-01 17:53:41.054  INFO 225 --- [           main] .b.t.c.SpringBootTestContextBootstrapper : Neither @ContextConfiguration nor @ContextHierarchy found for test class [pl.pandait.panda.HelloControllerTest], using SpringBootContextLoader
2021-03-01 17:53:41.055  INFO 225 --- [           main] o.s.t.c.support.AbstractContextLoader    : Could not detect default resource locations for test class [pl.pandait.panda.HelloControllerTest]: no resource found for suffixes {-context.xml, Context.groovy}.
2021-03-01 17:53:41.055  INFO 225 --- [           main] t.c.s.AnnotationConfigContextLoaderUtils : Could not detect default configuration classes for test class [pl.pandait.panda.HelloControllerTest]: HelloControllerTest does not declare any static, non-private, non-final, nested classes annotated with @Configuration.
2021-03-01 17:53:41.060  INFO 225 --- [           main] .b.t.c.SpringBootTestContextBootstrapper : Found @SpringBootConfiguration pl.pandait.panda.PandaApplication for test class pl.pandait.panda.HelloControllerTest
2021-03-01 17:53:41.064  INFO 225 --- [           main] .b.t.c.SpringBootTestContextBootstrapper : Loaded default TestExecutionListener class names from location [META-INF/spring.factories]: [org.springframework.boot.test.mock.mockito.MockitoTestExecutionListener, org.springframework.boot.test.mock.mockito.ResetMocksTestExecutionListener, org.springframework.boot.test.autoconfigure.restdocs.RestDocsTestExecutionListener, org.springframework.boot.test.autoconfigure.web.client.MockRestServiceServerResetTestExecutionListener, org.springframework.boot.test.autoconfigure.web.servlet.MockMvcPrintOnlyOnFailureTestExecutionListener, org.springframework.boot.test.autoconfigure.web.servlet.WebDriverTestExecutionListener, org.springframework.test.context.web.ServletTestExecutionListener, org.springframework.test.context.support.DirtiesContextBeforeModesTestExecutionListener, org.springframework.test.context.support.DependencyInjectionTestExecutionListener, org.springframework.test.context.support.DirtiesContextTestExecutionListener, org.springframework.test.context.transaction.TransactionalTestExecutionListener, org.springframework.test.context.jdbc.SqlScriptsTestExecutionListener, org.springframework.test.context.event.EventPublishingTestExecutionListener]
2021-03-01 17:53:41.069  INFO 225 --- [           main] .b.t.c.SpringBootTestContextBootstrapper : Using TestExecutionListeners: [org.springframework.test.context.web.ServletTestExecutionListener@ce12fbb, org.springframework.test.context.support.DirtiesContextBeforeModesTestExecutionListener@4525e9e8, org.springframework.boot.test.mock.mockito.MockitoTestExecutionListener@443a53df, org.springframework.boot.test.autoconfigure.SpringBootDependencyInjectionTestExecutionListener@6c33da7a, org.springframework.test.context.support.DirtiesContextTestExecutionListener@69aabcb0, org.springframework.test.context.event.EventPublishingTestExecutionListener@32a72c4, org.springframework.boot.test.mock.mockito.ResetMocksTestExecutionListener@15986dd5, org.springframework.boot.test.autoconfigure.restdocs.RestDocsTestExecutionListener@678a9516, org.springframework.boot.test.autoconfigure.web.client.MockRestServiceServerResetTestExecutionListener@5bf9ea6b, org.springframework.boot.test.autoconfigure.web.servlet.MockMvcPrintOnlyOnFailureTestExecutionListener@b950f82, org.springframework.boot.test.autoconfigure.web.servlet.WebDriverTestExecutionListener@5d352de0]

  .   ____          _            __ _ _
 /\\ / ___'_ __ _ _(_)_ __  __ _ \ \ \ \
( ( )\___ | '_ | '_| | '_ \/ _` | \ \ \ \
 \\/  ___)| |_)| | | | | || (_| |  ) ) ) )
  '  |____| .__|_| |_|_| |_\__, | / / / /
 =========|_|==============|___/=/_/_/_/
 :: Spring Boot ::        (v2.2.4.RELEASE)

2021-03-01 17:53:41.168  INFO 225 --- [           main] pl.pandait.panda.HelloControllerTest     : Starting HelloControllerTest on 1b7d8cbe7d2e with PID 225 (started by jenkins in /var/jenkins_home/workspace/CodePull)
2021-03-01 17:53:41.170  INFO 225 --- [           main] pl.pandait.panda.HelloControllerTest     : No active profile set, falling back to default profiles: default
2021-03-01 17:53:42.019  INFO 225 --- [           main] o.s.b.w.embedded.tomcat.TomcatWebServer  : Tomcat initialized with port(s): 0 (http)
2021-03-01 17:53:42.045  INFO 225 --- [           main] o.apache.catalina.core.StandardService   : Starting service [Tomcat]
2021-03-01 17:53:42.047  INFO 225 --- [           main] org.apache.catalina.core.StandardEngine  : Starting Servlet engine: [Apache Tomcat/9.0.30]
2021-03-01 17:53:42.213  INFO 225 --- [           main] o.a.c.c.C.[Tomcat].[localhost].[/]       : Initializing Spring embedded WebApplicationContext
2021-03-01 17:53:42.214  INFO 225 --- [           main] o.s.web.context.ContextLoader            : Root WebApplicationContext: initialization completed in 1036 ms
2021-03-01 17:53:42.579  INFO 225 --- [           main] o.s.s.concurrent.ThreadPoolTaskExecutor  : Initializing ExecutorService 'applicationTaskExecutor'
2021-03-01 17:53:42.620  INFO 225 --- [           main] o.s.b.a.w.s.WelcomePageHandlerMapping    : Adding welcome page: class path resource [static/index.html]
2021-03-01 17:53:43.307  INFO 225 --- [           main] o.s.b.w.embedded.tomcat.TomcatWebServer  : Tomcat started on port(s): 44555 (http) with context path ''
2021-03-01 17:53:43.313  INFO 225 --- [           main] pl.pandait.panda.HelloControllerTest     : Started HelloControllerTest in 2.234 seconds (JVM running for 13.084)
2021-03-01 17:53:43.376  INFO 225 --- [           main] o.s.mock.web.MockServletContext          : Initializing Spring TestDispatcherServlet ''
2021-03-01 17:53:43.376  INFO 225 --- [           main] o.s.t.web.servlet.TestDispatcherServlet  : Initializing Servlet ''
2021-03-01 17:53:43.377  INFO 225 --- [           main] o.s.t.web.servlet.TestDispatcherServlet  : Completed initialization in 1 ms
[INFO] Tests run: 1, Failures: 0, Errors: 0, Skipped: 0, Time elapsed: 2.411 s - in pl.pandait.panda.HelloControllerTest
2021-03-01 17:53:43.583  INFO 225 --- [extShutdownHook] o.s.s.concurrent.ThreadPoolTaskExecutor  : Shutting down ExecutorService 'applicationTaskExecutor'
2021-03-01 17:53:43.598  INFO 225 --- [extShutdownHook] o.s.s.concurrent.ThreadPoolTaskExecutor  : Shutting down ExecutorService 'applicationTaskExecutor'
[INFO] 
[INFO] Results:
[INFO] 
[INFO] Tests run: 2, Failures: 0, Errors: 0, Skipped: 0
[INFO] 
[INFO] 
[8mha:////4KD+Mp3xCHh0uEQTKLD9AxTWaLk0VVU9tHyScmjYUQGqAAAAYB+LCAAAAAAAAP9b85aBtbiIQSmjNKU4P0+vJLE4u1gvPjexLDVPzxdEGvvmZ+X75ZekLlOVfvTjc8FPJgaGiiIGKaiG5Py84vycVD1nCA1SyAABjCCFBQCV27OjYAAAAA==[0m[INFO] --- maven-surefire-plugin:2.22.2:test (default) @ panda ---
[INFO] Skipping execution of surefire because it has already been run for this configuration
[INFO] 
[8mha:////4KD+Mp3xCHh0uEQTKLD9AxTWaLk0VVU9tHyScmjYUQGqAAAAYB+LCAAAAAAAAP9b85aBtbiIQSmjNKU4P0+vJLE4u1gvPjexLDVPzxdEGvvmZ+X75ZekLlOVfvTjc8FPJgaGiiIGKaiG5Py84vycVD1nCA1SyAABjCCFBQCV27OjYAAAAA==[0m[INFO] --- maven-jar-plugin:3.1.2:jar (default-jar) @ panda ---
[INFO] Building jar: /var/jenkins_home/workspace/CodePull/target/panda-0.0.1.jar
[INFO] 
[8mha:////4KD+Mp3xCHh0uEQTKLD9AxTWaLk0VVU9tHyScmjYUQGqAAAAYB+LCAAAAAAAAP9b85aBtbiIQSmjNKU4P0+vJLE4u1gvPjexLDVPzxdEGvvmZ+X75ZekLlOVfvTjc8FPJgaGiiIGKaiG5Py84vycVD1nCA1SyAABjCCFBQCV27OjYAAAAA==[0m[INFO] --- spring-boot-maven-plugin:2.2.4.RELEASE:repackage (repackage) @ panda ---
[INFO] Replacing main artifact with repackaged archive
[INFO] 
[8mha:////4KD+Mp3xCHh0uEQTKLD9AxTWaLk0VVU9tHyScmjYUQGqAAAAYB+LCAAAAAAAAP9b85aBtbiIQSmjNKU4P0+vJLE4u1gvPjexLDVPzxdEGvvmZ+X75ZekLlOVfvTjc8FPJgaGiiIGKaiG5Py84vycVD1nCA1SyAABjCCFBQCV27OjYAAAAA==[0m[INFO] --- maven-install-plugin:2.5.2:install (default-install) @ panda ---
[INFO] Installing /var/jenkins_home/workspace/CodePull/target/panda-0.0.1.jar to /var/jenkins_home/.m2/repository/pl/pandait/panda/0.0.1/panda-0.0.1.jar
[INFO] Installing /var/jenkins_home/workspace/CodePull/pom.xml to /var/jenkins_home/.m2/repository/pl/pandait/panda/0.0.1/panda-0.0.1.pom
[INFO] ------------------------------------------------------------------------
[INFO] BUILD SUCCESS
[INFO] ------------------------------------------------------------------------
[INFO] Total time:  29.570 s
[INFO] Finished at: 2021-03-01T17:53:46Z
[INFO] ------------------------------------------------------------------------
using settings config with name Maven3 settings
Replacing all maven server entries not found in credentials list is true
[CodePull] $ /var/jenkins_home/tools/hudson.tasks.Maven_MavenInstallation/maven3/bin/mvn -s /tmp/settings15461628365275673541.xml deploy
[INFO] Scanning for projects...
[INFO] 
[INFO] --------------------------< pl.pandait:panda >--------------------------
[INFO] Building panda 0.0.1
[INFO] --------------------------------[ jar ]---------------------------------
[INFO] 
[8mha:////4KD+Mp3xCHh0uEQTKLD9AxTWaLk0VVU9tHyScmjYUQGqAAAAYB+LCAAAAAAAAP9b85aBtbiIQSmjNKU4P0+vJLE4u1gvPjexLDVPzxdEGvvmZ+X75ZekLlOVfvTjc8FPJgaGiiIGKaiG5Py84vycVD1nCA1SyAABjCCFBQCV27OjYAAAAA==[0m[INFO] --- maven-resources-plugin:3.1.0:resources (default-resources) @ panda ---
[INFO] Using 'UTF-8' encoding to copy filtered resources.
[INFO] Copying 1 resource
[INFO] Copying 2 resources
[INFO] 
[8mha:////4KD+Mp3xCHh0uEQTKLD9AxTWaLk0VVU9tHyScmjYUQGqAAAAYB+LCAAAAAAAAP9b85aBtbiIQSmjNKU4P0+vJLE4u1gvPjexLDVPzxdEGvvmZ+X75ZekLlOVfvTjc8FPJgaGiiIGKaiG5Py84vycVD1nCA1SyAABjCCFBQCV27OjYAAAAA==[0m[INFO] --- maven-compiler-plugin:3.8.1:compile (default-compile) @ panda ---
[INFO] Nothing to compile - all classes are up to date
[INFO] 
[8mha:////4KD+Mp3xCHh0uEQTKLD9AxTWaLk0VVU9tHyScmjYUQGqAAAAYB+LCAAAAAAAAP9b85aBtbiIQSmjNKU4P0+vJLE4u1gvPjexLDVPzxdEGvvmZ+X75ZekLlOVfvTjc8FPJgaGiiIGKaiG5Py84vycVD1nCA1SyAABjCCFBQCV27OjYAAAAA==[0m[INFO] --- maven-compiler-plugin:3.8.1:compile (default) @ panda ---
[INFO] Nothing to compile - all classes are up to date
[INFO] 
[8mha:////4KD+Mp3xCHh0uEQTKLD9AxTWaLk0VVU9tHyScmjYUQGqAAAAYB+LCAAAAAAAAP9b85aBtbiIQSmjNKU4P0+vJLE4u1gvPjexLDVPzxdEGvvmZ+X75ZekLlOVfvTjc8FPJgaGiiIGKaiG5Py84vycVD1nCA1SyAABjCCFBQCV27OjYAAAAA==[0m[INFO] --- maven-resources-plugin:3.1.0:testResources (default-testResources) @ panda ---
[INFO] Using 'UTF-8' encoding to copy filtered resources.
[INFO] skip non existing resourceDirectory /var/jenkins_home/workspace/CodePull/src/test/resources
[INFO] 
[8mha:////4KD+Mp3xCHh0uEQTKLD9AxTWaLk0VVU9tHyScmjYUQGqAAAAYB+LCAAAAAAAAP9b85aBtbiIQSmjNKU4P0+vJLE4u1gvPjexLDVPzxdEGvvmZ+X75ZekLlOVfvTjc8FPJgaGiiIGKaiG5Py84vycVD1nCA1SyAABjCCFBQCV27OjYAAAAA==[0m[INFO] --- maven-compiler-plugin:3.8.1:testCompile (default-testCompile) @ panda ---
[INFO] Changes detected - recompiling the module!
[INFO] Compiling 3 source files to /var/jenkins_home/workspace/CodePull/target/test-classes
[INFO] 
[8mha:////4KD+Mp3xCHh0uEQTKLD9AxTWaLk0VVU9tHyScmjYUQGqAAAAYB+LCAAAAAAAAP9b85aBtbiIQSmjNKU4P0+vJLE4u1gvPjexLDVPzxdEGvvmZ+X75ZekLlOVfvTjc8FPJgaGiiIGKaiG5Py84vycVD1nCA1SyAABjCCFBQCV27OjYAAAAA==[0m[INFO] --- maven-surefire-plugin:2.22.2:test (default-test) @ panda ---
[INFO] 
[INFO] -------------------------------------------------------
[INFO]  T E S T S
[INFO] -------------------------------------------------------
[INFO] Running pl.pandait.panda.PandaApplicationTest
17:53:53.101 [main] DEBUG org.springframework.test.context.BootstrapUtils - Instantiating CacheAwareContextLoaderDelegate from class [org.springframework.test.context.cache.DefaultCacheAwareContextLoaderDelegate]
17:53:53.121 [main] DEBUG org.springframework.test.context.BootstrapUtils - Instantiating BootstrapContext using constructor [public org.springframework.test.context.support.DefaultBootstrapContext(java.lang.Class,org.springframework.test.context.CacheAwareContextLoaderDelegate)]
17:53:53.167 [main] DEBUG org.springframework.test.context.BootstrapUtils - Instantiating TestContextBootstrapper for test class [pl.pandait.panda.PandaApplicationTest] from class [org.springframework.boot.test.context.SpringBootTestContextBootstrapper]
17:53:53.184 [main] INFO org.springframework.boot.test.context.SpringBootTestContextBootstrapper - Neither @ContextConfiguration nor @ContextHierarchy found for test class [pl.pandait.panda.PandaApplicationTest], using SpringBootContextLoader
17:53:53.190 [main] DEBUG org.springframework.test.context.support.AbstractContextLoader - Did not detect default resource location for test class [pl.pandait.panda.PandaApplicationTest]: class path resource [pl/pandait/panda/PandaApplicationTest-context.xml] does not exist
17:53:53.191 [main] DEBUG org.springframework.test.context.support.AbstractContextLoader - Did not detect default resource location for test class [pl.pandait.panda.PandaApplicationTest]: class path resource [pl/pandait/panda/PandaApplicationTestContext.groovy] does not exist
17:53:53.192 [main] INFO org.springframework.test.context.support.AbstractContextLoader - Could not detect default resource locations for test class [pl.pandait.panda.PandaApplicationTest]: no resource found for suffixes {-context.xml, Context.groovy}.
17:53:53.193 [main] INFO org.springframework.test.context.support.AnnotationConfigContextLoaderUtils - Could not detect default configuration classes for test class [pl.pandait.panda.PandaApplicationTest]: PandaApplicationTest does not declare any static, non-private, non-final, nested classes annotated with @Configuration.
17:53:53.235 [main] DEBUG org.springframework.test.context.support.ActiveProfilesUtils - Could not find an 'annotation declaring class' for annotation type [org.springframework.test.context.ActiveProfiles] and class [pl.pandait.panda.PandaApplicationTest]
17:53:53.342 [main] DEBUG org.springframework.context.annotation.ClassPathScanningCandidateComponentProvider - Identified candidate component class: file [/var/jenkins_home/workspace/CodePull/target/classes/pl/pandait/panda/PandaApplication.class]
17:53:53.344 [main] INFO org.springframework.boot.test.context.SpringBootTestContextBootstrapper - Found @SpringBootConfiguration pl.pandait.panda.PandaApplication for test class pl.pandait.panda.PandaApplicationTest
17:53:53.549 [main] DEBUG org.springframework.boot.test.context.SpringBootTestContextBootstrapper - @TestExecutionListeners is not present for class [pl.pandait.panda.PandaApplicationTest]: using defaults.
17:53:53.550 [main] INFO org.springframework.boot.test.context.SpringBootTestContextBootstrapper - Loaded default TestExecutionListener class names from location [META-INF/spring.factories]: [org.springframework.boot.test.mock.mockito.MockitoTestExecutionListener, org.springframework.boot.test.mock.mockito.ResetMocksTestExecutionListener, org.springframework.boot.test.autoconfigure.restdocs.RestDocsTestExecutionListener, org.springframework.boot.test.autoconfigure.web.client.MockRestServiceServerResetTestExecutionListener, org.springframework.boot.test.autoconfigure.web.servlet.MockMvcPrintOnlyOnFailureTestExecutionListener, org.springframework.boot.test.autoconfigure.web.servlet.WebDriverTestExecutionListener, org.springframework.test.context.web.ServletTestExecutionListener, org.springframework.test.context.support.DirtiesContextBeforeModesTestExecutionListener, org.springframework.test.context.support.DependencyInjectionTestExecutionListener, org.springframework.test.context.support.DirtiesContextTestExecutionListener, org.springframework.test.context.transaction.TransactionalTestExecutionListener, org.springframework.test.context.jdbc.SqlScriptsTestExecutionListener, org.springframework.test.context.event.EventPublishingTestExecutionListener]
17:53:53.563 [main] DEBUG org.springframework.boot.test.context.SpringBootTestContextBootstrapper - Skipping candidate TestExecutionListener [org.springframework.test.context.transaction.TransactionalTestExecutionListener] due to a missing dependency. Specify custom listener classes or make the default listener classes and their required dependencies available. Offending class: [org/springframework/transaction/interceptor/TransactionAttributeSource]
17:53:53.564 [main] DEBUG org.springframework.boot.test.context.SpringBootTestContextBootstrapper - Skipping candidate TestExecutionListener [org.springframework.test.context.jdbc.SqlScriptsTestExecutionListener] due to a missing dependency. Specify custom listener classes or make the default listener classes and their required dependencies available. Offending class: [org/springframework/transaction/interceptor/TransactionAttribute]
17:53:53.564 [main] INFO org.springframework.boot.test.context.SpringBootTestContextBootstrapper - Using TestExecutionListeners: [org.springframework.test.context.web.ServletTestExecutionListener@64ba3208, org.springframework.test.context.support.DirtiesContextBeforeModesTestExecutionListener@158a3b2e, org.springframework.boot.test.mock.mockito.MockitoTestExecutionListener@25a6944c, org.springframework.boot.test.autoconfigure.SpringBootDependencyInjectionTestExecutionListener@5e1fa5b1, org.springframework.test.context.support.DirtiesContextTestExecutionListener@6b00f608, org.springframework.test.context.event.EventPublishingTestExecutionListener@2f17e30d, org.springframework.boot.test.mock.mockito.ResetMocksTestExecutionListener@3e821657, org.springframework.boot.test.autoconfigure.restdocs.RestDocsTestExecutionListener@1d131e1b, org.springframework.boot.test.autoconfigure.web.client.MockRestServiceServerResetTestExecutionListener@71cf1b07, org.springframework.boot.test.autoconfigure.web.servlet.MockMvcPrintOnlyOnFailureTestExecutionListener@615091b8, org.springframework.boot.test.autoconfigure.web.servlet.WebDriverTestExecutionListener@4fce136b]
17:53:53.569 [main] DEBUG org.springframework.test.context.support.AbstractDirtiesContextTestExecutionListener - Before test class: context [DefaultTestContext@4983159f testClass = PandaApplicationTest, testInstance = [null], testMethod = [null], testException = [null], mergedContextConfiguration = [WebMergedContextConfiguration@44e3a2b2 testClass = PandaApplicationTest, locations = '{}', classes = '{class pl.pandait.panda.PandaApplication}', contextInitializerClasses = '[]', activeProfiles = '{}', propertySourceLocations = '{}', propertySourceProperties = '{org.springframework.boot.test.context.SpringBootTestContextBootstrapper=true}', contextCustomizers = set[org.springframework.boot.test.context.filter.ExcludeFilterContextCustomizer@6c7a164b, org.springframework.boot.test.json.DuplicateJsonObjectContextCustomizerFactory$DuplicateJsonObjectContextCustomizer@4ef74c30, org.springframework.boot.test.mock.mockito.MockitoContextCustomizer@0, org.springframework.boot.test.web.client.TestRestTemplateContextCustomizer@72d6b3ba, org.springframework.boot.test.autoconfigure.properties.PropertyMappingContextCustomizer@0, org.springframework.boot.test.autoconfigure.web.servlet.WebDriverContextCustomizerFactory$Customizer@27912e3], resourceBasePath = 'src/main/webapp', contextLoader = 'org.springframework.boot.test.context.SpringBootContextLoader', parent = [null]], attributes = map['org.springframework.test.context.web.ServletTestExecutionListener.activateListener' -> true]], class annotated with @DirtiesContext [false] with mode [null].
17:53:53.621 [main] DEBUG org.springframework.test.context.support.TestPropertySourceUtils - Adding inlined properties to environment: {spring.jmx.enabled=false, org.springframework.boot.test.context.SpringBootTestContextBootstrapper=true, server.port=-1}

  .   ____          _            __ _ _
 /\\ / ___'_ __ _ _(_)_ __  __ _ \ \ \ \
( ( )\___ | '_ | '_| | '_ \/ _` | \ \ \ \
 \\/  ___)| |_)| | | | | || (_| |  ) ) ) )
  '  |____| .__|_| |_|_| |_\__, | / / / /
 =========|_|==============|___/=/_/_/_/
 :: Spring Boot ::        (v2.2.4.RELEASE)

2021-03-01 17:53:54.263  INFO 333 --- [           main] pl.pandait.panda.PandaApplicationTest    : Starting PandaApplicationTest on 1b7d8cbe7d2e with PID 333 (started by jenkins in /var/jenkins_home/workspace/CodePull)
2021-03-01 17:53:54.265  INFO 333 --- [           main] pl.pandait.panda.PandaApplicationTest    : No active profile set, falling back to default profiles: default
2021-03-01 17:53:56.423  INFO 333 --- [           main] o.s.s.concurrent.ThreadPoolTaskExecutor  : Initializing ExecutorService 'applicationTaskExecutor'
2021-03-01 17:53:56.759  INFO 333 --- [           main] o.s.b.a.w.s.WelcomePageHandlerMapping    : Adding welcome page: class path resource [static/index.html]
2021-03-01 17:53:57.027  INFO 333 --- [           main] pl.pandait.panda.PandaApplicationTest    : Started PandaApplicationTest in 3.395 seconds (JVM running for 5.077)
[INFO] Tests run: 1, Failures: 0, Errors: 0, Skipped: 0, Time elapsed: 4.614 s - in pl.pandait.panda.PandaApplicationTest
[INFO] Running pl.pandait.panda.HelloControllerTest
2021-03-01 17:53:57.546  INFO 333 --- [           main] .b.t.c.SpringBootTestContextBootstrapper : Neither @ContextConfiguration nor @ContextHierarchy found for test class [pl.pandait.panda.HelloControllerTest], using SpringBootContextLoader
2021-03-01 17:53:57.550  INFO 333 --- [           main] o.s.t.c.support.AbstractContextLoader    : Could not detect default resource locations for test class [pl.pandait.panda.HelloControllerTest]: no resource found for suffixes {-context.xml, Context.groovy}.
2021-03-01 17:53:57.551  INFO 333 --- [           main] t.c.s.AnnotationConfigContextLoaderUtils : Could not detect default configuration classes for test class [pl.pandait.panda.HelloControllerTest]: HelloControllerTest does not declare any static, non-private, non-final, nested classes annotated with @Configuration.
2021-03-01 17:53:57.553  INFO 333 --- [           main] .b.t.c.SpringBootTestContextBootstrapper : Found @SpringBootConfiguration pl.pandait.panda.PandaApplication for test class pl.pandait.panda.HelloControllerTest
2021-03-01 17:53:57.555  INFO 333 --- [           main] .b.t.c.SpringBootTestContextBootstrapper : Loaded default TestExecutionListener class names from location [META-INF/spring.factories]: [org.springframework.boot.test.mock.mockito.MockitoTestExecutionListener, org.springframework.boot.test.mock.mockito.ResetMocksTestExecutionListener, org.springframework.boot.test.autoconfigure.restdocs.RestDocsTestExecutionListener, org.springframework.boot.test.autoconfigure.web.client.MockRestServiceServerResetTestExecutionListener, org.springframework.boot.test.autoconfigure.web.servlet.MockMvcPrintOnlyOnFailureTestExecutionListener, org.springframework.boot.test.autoconfigure.web.servlet.WebDriverTestExecutionListener, org.springframework.test.context.web.ServletTestExecutionListener, org.springframework.test.context.support.DirtiesContextBeforeModesTestExecutionListener, org.springframework.test.context.support.DependencyInjectionTestExecutionListener, org.springframework.test.context.support.DirtiesContextTestExecutionListener, org.springframework.test.context.transaction.TransactionalTestExecutionListener, org.springframework.test.context.jdbc.SqlScriptsTestExecutionListener, org.springframework.test.context.event.EventPublishingTestExecutionListener]
2021-03-01 17:53:57.556  INFO 333 --- [           main] .b.t.c.SpringBootTestContextBootstrapper : Using TestExecutionListeners: [org.springframework.test.context.web.ServletTestExecutionListener@4b325930, org.springframework.test.context.support.DirtiesContextBeforeModesTestExecutionListener@267f9765, org.springframework.boot.test.mock.mockito.MockitoTestExecutionListener@79ba0a6f, org.springframework.boot.test.autoconfigure.SpringBootDependencyInjectionTestExecutionListener@261de205, org.springframework.test.context.support.DirtiesContextTestExecutionListener@7f3fc42f, org.springframework.test.context.event.EventPublishingTestExecutionListener@25a1a012, org.springframework.boot.test.mock.mockito.ResetMocksTestExecutionListener@ce12fbb, org.springframework.boot.test.autoconfigure.restdocs.RestDocsTestExecutionListener@4525e9e8, org.springframework.boot.test.autoconfigure.web.client.MockRestServiceServerResetTestExecutionListener@443a53df, org.springframework.boot.test.autoconfigure.web.servlet.MockMvcPrintOnlyOnFailureTestExecutionListener@6c33da7a, org.springframework.boot.test.autoconfigure.web.servlet.WebDriverTestExecutionListener@69aabcb0]

  .   ____          _            __ _ _
 /\\ / ___'_ __ _ _(_)_ __  __ _ \ \ \ \
( ( )\___ | '_ | '_| | '_ \/ _` | \ \ \ \
 \\/  ___)| |_)| | | | | || (_| |  ) ) ) )
  '  |____| .__|_| |_|_| |_\__, | / / / /
 =========|_|==============|___/=/_/_/_/
 :: Spring Boot ::        (v2.2.4.RELEASE)

2021-03-01 17:53:57.616  INFO 333 --- [           main] pl.pandait.panda.HelloControllerTest     : Starting HelloControllerTest on 1b7d8cbe7d2e with PID 333 (started by jenkins in /var/jenkins_home/workspace/CodePull)
2021-03-01 17:53:57.618  INFO 333 --- [           main] pl.pandait.panda.HelloControllerTest     : No active profile set, falling back to default profiles: default
2021-03-01 17:53:58.303  INFO 333 --- [           main] o.s.b.w.embedded.tomcat.TomcatWebServer  : Tomcat initialized with port(s): 0 (http)
2021-03-01 17:53:58.320  INFO 333 --- [           main] o.apache.catalina.core.StandardService   : Starting service [Tomcat]
2021-03-01 17:53:58.321  INFO 333 --- [           main] org.apache.catalina.core.StandardEngine  : Starting Servlet engine: [Apache Tomcat/9.0.30]
2021-03-01 17:53:58.456  INFO 333 --- [           main] o.a.c.c.C.[Tomcat].[localhost].[/]       : Initializing Spring embedded WebApplicationContext
2021-03-01 17:53:58.457  INFO 333 --- [           main] o.s.web.context.ContextLoader            : Root WebApplicationContext: initialization completed in 833 ms
2021-03-01 17:53:58.774  INFO 333 --- [           main] o.s.s.concurrent.ThreadPoolTaskExecutor  : Initializing ExecutorService 'applicationTaskExecutor'
2021-03-01 17:53:58.831  INFO 333 --- [           main] o.s.b.a.w.s.WelcomePageHandlerMapping    : Adding welcome page: class path resource [static/index.html]
2021-03-01 17:53:59.378  INFO 333 --- [           main] o.s.b.w.embedded.tomcat.TomcatWebServer  : Tomcat started on port(s): 38521 (http) with context path ''
2021-03-01 17:53:59.379  INFO 333 --- [           main] pl.pandait.panda.HelloControllerTest     : Started HelloControllerTest in 1.819 seconds (JVM running for 7.43)
2021-03-01 17:53:59.449  INFO 333 --- [           main] o.s.mock.web.MockServletContext          : Initializing Spring TestDispatcherServlet ''
2021-03-01 17:53:59.450  INFO 333 --- [           main] o.s.t.web.servlet.TestDispatcherServlet  : Initializing Servlet ''
2021-03-01 17:53:59.450  INFO 333 --- [           main] o.s.t.web.servlet.TestDispatcherServlet  : Completed initialization in 0 ms
[INFO] Tests run: 1, Failures: 0, Errors: 0, Skipped: 0, Time elapsed: 1.926 s - in pl.pandait.panda.HelloControllerTest
2021-03-01 17:53:59.626  INFO 333 --- [extShutdownHook] o.s.s.concurrent.ThreadPoolTaskExecutor  : Shutting down ExecutorService 'applicationTaskExecutor'
2021-03-01 17:53:59.634  INFO 333 --- [extShutdownHook] o.s.s.concurrent.ThreadPoolTaskExecutor  : Shutting down ExecutorService 'applicationTaskExecutor'
[INFO] 
[INFO] Results:
[INFO] 
[INFO] Tests run: 2, Failures: 0, Errors: 0, Skipped: 0
[INFO] 
[INFO] 
[8mha:////4KD+Mp3xCHh0uEQTKLD9AxTWaLk0VVU9tHyScmjYUQGqAAAAYB+LCAAAAAAAAP9b85aBtbiIQSmjNKU4P0+vJLE4u1gvPjexLDVPzxdEGvvmZ+X75ZekLlOVfvTjc8FPJgaGiiIGKaiG5Py84vycVD1nCA1SyAABjCCFBQCV27OjYAAAAA==[0m[INFO] --- maven-surefire-plugin:2.22.2:test (default) @ panda ---
[INFO] Skipping execution of surefire because it has already been run for this configuration
[INFO] 
[8mha:////4KD+Mp3xCHh0uEQTKLD9AxTWaLk0VVU9tHyScmjYUQGqAAAAYB+LCAAAAAAAAP9b85aBtbiIQSmjNKU4P0+vJLE4u1gvPjexLDVPzxdEGvvmZ+X75ZekLlOVfvTjc8FPJgaGiiIGKaiG5Py84vycVD1nCA1SyAABjCCFBQCV27OjYAAAAA==[0m[INFO] --- maven-jar-plugin:3.1.2:jar (default-jar) @ panda ---
[INFO] Building jar: /var/jenkins_home/workspace/CodePull/target/panda-0.0.1.jar
[INFO] 
[8mha:////4KD+Mp3xCHh0uEQTKLD9AxTWaLk0VVU9tHyScmjYUQGqAAAAYB+LCAAAAAAAAP9b85aBtbiIQSmjNKU4P0+vJLE4u1gvPjexLDVPzxdEGvvmZ+X75ZekLlOVfvTjc8FPJgaGiiIGKaiG5Py84vycVD1nCA1SyAABjCCFBQCV27OjYAAAAA==[0m[INFO] --- spring-boot-maven-plugin:2.2.4.RELEASE:repackage (repackage) @ panda ---
[INFO] Replacing main artifact with repackaged archive
[INFO] 
[8mha:////4KD+Mp3xCHh0uEQTKLD9AxTWaLk0VVU9tHyScmjYUQGqAAAAYB+LCAAAAAAAAP9b85aBtbiIQSmjNKU4P0+vJLE4u1gvPjexLDVPzxdEGvvmZ+X75ZekLlOVfvTjc8FPJgaGiiIGKaiG5Py84vycVD1nCA1SyAABjCCFBQCV27OjYAAAAA==[0m[INFO] --- maven-install-plugin:2.5.2:install (default-install) @ panda ---
[INFO] Installing /var/jenkins_home/workspace/CodePull/target/panda-0.0.1.jar to /var/jenkins_home/.m2/repository/pl/pandait/panda/0.0.1/panda-0.0.1.jar
[INFO] Installing /var/jenkins_home/workspace/CodePull/pom.xml to /var/jenkins_home/.m2/repository/pl/pandait/panda/0.0.1/panda-0.0.1.pom
[INFO] 
[8mha:////4KD+Mp3xCHh0uEQTKLD9AxTWaLk0VVU9tHyScmjYUQGqAAAAYB+LCAAAAAAAAP9b85aBtbiIQSmjNKU4P0+vJLE4u1gvPjexLDVPzxdEGvvmZ+X75ZekLlOVfvTjc8FPJgaGiiIGKaiG5Py84vycVD1nCA1SyAABjCCFBQCV27OjYAAAAA==[0m[INFO] --- maven-deploy-plugin:2.8.2:deploy (default-deploy) @ panda ---
Uploading to artifactory: http://192.168.44.44:8081/artifactory/libs-release-local/pl/pandait/panda/0.0.1/panda-0.0.1.jar
Uploading to artifactory: http://192.168.44.44:8081/artifactory/libs-release-local/pl/pandait/panda/0.0.1/panda-0.0.1.pom
[INFO] ------------------------------------------------------------------------
[INFO] BUILD FAILURE
[INFO] ------------------------------------------------------------------------
[INFO] Total time:  14.079 s
[INFO] Finished at: 2021-03-01T17:54:02Z
[INFO] ------------------------------------------------------------------------
[8mha:////4CgK6TUHMrSW1t96nukUd2ZYEPeBeQrBANlCTnhyKkUYAAAAYB+LCAAAAAAAAP9b85aBtbiIQSmjNKU4P0+vJLE4u1gvPjexLDVPzxdEuhYV5Rf55ZekOlc7RKnPKH7IxMBQUcQgBdWQnJ9XnJ+TqucMoUEKGSCAEaSwAACsNFCqYAAAAA==[0m[ERROR] Failed to execute goal org.apache.maven.plugins:maven-deploy-plugin:2.8.2:deploy (default-deploy) on project panda: Failed to deploy artifacts: Could not transfer artifact pl.pandait:panda:jar:0.0.1 from/to artifactory (http://192.168.44.44:8081/artifactory/libs-release-local): Transfer failed for http://192.168.44.44:8081/artifactory/libs-release-local/pl/pandait/panda/0.0.1/panda-0.0.1.jar: Connect to 192.168.44.44:8081 [/192.168.44.44] failed: Connection refused (Connection refused) -> [Help 1]
[8mha:////4CgK6TUHMrSW1t96nukUd2ZYEPeBeQrBANlCTnhyKkUYAAAAYB+LCAAAAAAAAP9b85aBtbiIQSmjNKU4P0+vJLE4u1gvPjexLDVPzxdEuhYV5Rf55ZekOlc7RKnPKH7IxMBQUcQgBdWQnJ9XnJ+TqucMoUEKGSCAEaSwAACsNFCqYAAAAA==[0m[ERROR] 
[8mha:////4CgK6TUHMrSW1t96nukUd2ZYEPeBeQrBANlCTnhyKkUYAAAAYB+LCAAAAAAAAP9b85aBtbiIQSmjNKU4P0+vJLE4u1gvPjexLDVPzxdEuhYV5Rf55ZekOlc7RKnPKH7IxMBQUcQgBdWQnJ9XnJ+TqucMoUEKGSCAEaSwAACsNFCqYAAAAA==[0m[ERROR] To see the full stack trace of the errors, re-run Maven with the -e switch.
[8mha:////4CgK6TUHMrSW1t96nukUd2ZYEPeBeQrBANlCTnhyKkUYAAAAYB+LCAAAAAAAAP9b85aBtbiIQSmjNKU4P0+vJLE4u1gvPjexLDVPzxdEuhYV5Rf55ZekOlc7RKnPKH7IxMBQUcQgBdWQnJ9XnJ+TqucMoUEKGSCAEaSwAACsNFCqYAAAAA==[0m[ERROR] Re-run Maven using the -X switch to enable full debug logging.
[8mha:////4CgK6TUHMrSW1t96nukUd2ZYEPeBeQrBANlCTnhyKkUYAAAAYB+LCAAAAAAAAP9b85aBtbiIQSmjNKU4P0+vJLE4u1gvPjexLDVPzxdEuhYV5Rf55ZekOlc7RKnPKH7IxMBQUcQgBdWQnJ9XnJ+TqucMoUEKGSCAEaSwAACsNFCqYAAAAA==[0m[ERROR] 
[8mha:////4CgK6TUHMrSW1t96nukUd2ZYEPeBeQrBANlCTnhyKkUYAAAAYB+LCAAAAAAAAP9b85aBtbiIQSmjNKU4P0+vJLE4u1gvPjexLDVPzxdEuhYV5Rf55ZekOlc7RKnPKH7IxMBQUcQgBdWQnJ9XnJ+TqucMoUEKGSCAEaSwAACsNFCqYAAAAA==[0m[ERROR] For more information about the errors and possible solutions, please read the following articles:
[8mha:////4CgK6TUHMrSW1t96nukUd2ZYEPeBeQrBANlCTnhyKkUYAAAAYB+LCAAAAAAAAP9b85aBtbiIQSmjNKU4P0+vJLE4u1gvPjexLDVPzxdEuhYV5Rf55ZekOlc7RKnPKH7IxMBQUcQgBdWQnJ9XnJ+TqucMoUEKGSCAEaSwAACsNFCqYAAAAA==[0m[ERROR] [Help 1] http://cwiki.apache.org/confluence/display/MAVEN/MojoExecutionException
Build step 'Invoke top-level Maven targets' marked build as failure
Finished: FAILURE
